[2023-11-07 01:28:53] local.INFO: ............. Job Processing:: App\Notifications\Booking\BookingNotification .................  
[2023-11-07 01:28:53] local.INFO: array (
  'payload' => 
  array (
    'uuid' => 'f9ecdaaf-c1d4-466f-8739-060f26eb331d',
    'displayName' => 'App\\Notifications\\Booking\\BookingNotification',
    'job' => 'Illuminate\\Queue\\CallQueuedHandler@call',
    'maxTries' => NULL,
    'maxExceptions' => NULL,
    'failOnTimeout' => false,
    'backoff' => NULL,
    'timeout' => NULL,
    'retryUntil' => NULL,
    'data' => 
    array (
      'commandName' => 'Illuminate\\Notifications\\SendQueuedNotifications',
      'command' => 'O:48:"Illuminate\\Notifications\\SendQueuedNotifications":16:{s:11:"notifiables";O:45:"Illuminate\\Contracts\\Database\\ModelIdentifier":4:{s:5:"class";s:15:"App\\Models\\User";s:2:"id";a:1:{i:0;i:3;}s:9:"relations";a:0:{}s:10:"connection";s:5:"mysql";}s:12:"notification";O:45:"App\\Notifications\\Booking\\BookingNotification":12:{s:11:"records_obj";O:45:"Illuminate\\Contracts\\Database\\ModelIdentifier":4:{s:5:"class";s:43:"App\\Models\\StylistClientBookingAppointments";s:2:"id";i:78;s:9:"relations";a:0:{}s:10:"connection";s:5:"mysql";}s:2:"id";s:36:"0dc23825-57cc-4e2c-88b2-0b894b34577d";s:6:"locale";N;s:10:"connection";N;s:5:"queue";N;s:15:"chainConnection";N;s:10:"chainQueue";N;s:19:"chainCatchCallbacks";N;s:5:"delay";N;s:11:"afterCommit";N;s:10:"middleware";a:0:{}s:7:"chained";a:0:{}}s:8:"channels";a:1:{i:0;s:4:"mail";}s:5:"tries";N;s:7:"timeout";N;s:17:"shouldBeEncrypted";b:0;s:3:"job";N;s:10:"connection";N;s:5:"queue";N;s:15:"chainConnection";N;s:10:"chainQueue";N;s:19:"chainCatchCallbacks";N;s:5:"delay";N;s:11:"afterCommit";N;s:10:"middleware";a:0:{}s:7:"chained";a:0:{}}',
    ),
  ),
)  
[2023-11-07 01:28:53] local.INFO: ......................... Job Processed Successfully .............................  
[2023-11-07 01:28:53] local.INFO: ............. Job Processing:: App\Notifications\Booking\BookingNotification .................  
[2023-11-07 01:28:53] local.INFO: array (
  'payload' => 
  array (
    'uuid' => 'c2b120a7-d0df-4714-86d6-b74d24c7c186',
    'displayName' => 'App\\Notifications\\Booking\\BookingNotification',
    'job' => 'Illuminate\\Queue\\CallQueuedHandler@call',
    'maxTries' => NULL,
    'maxExceptions' => NULL,
    'failOnTimeout' => false,
    'backoff' => NULL,
    'timeout' => NULL,
    'retryUntil' => NULL,
    'data' => 
    array (
      'commandName' => 'Illuminate\\Notifications\\SendQueuedNotifications',
      'command' => 'O:48:"Illuminate\\Notifications\\SendQueuedNotifications":16:{s:11:"notifiables";O:45:"Illuminate\\Contracts\\Database\\ModelIdentifier":4:{s:5:"class";s:15:"App\\Models\\User";s:2:"id";a:1:{i:0;i:3;}s:9:"relations";a:0:{}s:10:"connection";s:5:"mysql";}s:12:"notification";O:45:"App\\Notifications\\Booking\\BookingNotification":12:{s:11:"records_obj";O:45:"Illuminate\\Contracts\\Database\\ModelIdentifier":4:{s:5:"class";s:43:"App\\Models\\StylistClientBookingAppointments";s:2:"id";i:78;s:9:"relations";a:0:{}s:10:"connection";s:5:"mysql";}s:2:"id";s:36:"0dc23825-57cc-4e2c-88b2-0b894b34577d";s:6:"locale";N;s:10:"connection";N;s:5:"queue";N;s:15:"chainConnection";N;s:10:"chainQueue";N;s:19:"chainCatchCallbacks";N;s:5:"delay";N;s:11:"afterCommit";N;s:10:"middleware";a:0:{}s:7:"chained";a:0:{}}s:8:"channels";a:1:{i:0;s:8:"database";}s:5:"tries";N;s:7:"timeout";N;s:17:"shouldBeEncrypted";b:0;s:3:"job";N;s:10:"connection";N;s:5:"queue";N;s:15:"chainConnection";N;s:10:"chainQueue";N;s:19:"chainCatchCallbacks";N;s:5:"delay";N;s:11:"afterCommit";N;s:10:"middleware";a:0:{}s:7:"chained";a:0:{}}',
    ),
  ),
)  
[2023-11-07 01:28:53] local.INFO: ......................... Job Processed Successfully .............................  
[2023-11-07 01:31:18] local.INFO: ............. Job Processing:: App\Notifications\Booking\BookingNotification .................  
[2023-11-07 01:31:18] local.INFO: array (
  'payload' => 
  array (
    'uuid' => 'cc4c6695-e37a-48de-96b5-e875782756f7',
    'displayName' => 'App\\Notifications\\Booking\\BookingNotification',
    'job' => 'Illuminate\\Queue\\CallQueuedHandler@call',
    'maxTries' => NULL,
    'maxExceptions' => NULL,
    'failOnTimeout' => false,
    'backoff' => NULL,
    'timeout' => NULL,
    'retryUntil' => NULL,
    'data' => 
    array (
      'commandName' => 'Illuminate\\Notifications\\SendQueuedNotifications',
      'command' => 'O:48:"Illuminate\\Notifications\\SendQueuedNotifications":16:{s:11:"notifiables";O:45:"Illuminate\\Contracts\\Database\\ModelIdentifier":4:{s:5:"class";s:15:"App\\Models\\User";s:2:"id";a:1:{i:0;i:3;}s:9:"relations";a:0:{}s:10:"connection";s:5:"mysql";}s:12:"notification";O:45:"App\\Notifications\\Booking\\BookingNotification":12:{s:11:"records_obj";O:45:"Illuminate\\Contracts\\Database\\ModelIdentifier":4:{s:5:"class";s:43:"App\\Models\\StylistClientBookingAppointments";s:2:"id";i:79;s:9:"relations";a:0:{}s:10:"connection";s:5:"mysql";}s:2:"id";s:36:"ec964f1e-2733-4251-a559-e2bd19b3b441";s:6:"locale";N;s:10:"connection";N;s:5:"queue";N;s:15:"chainConnection";N;s:10:"chainQueue";N;s:19:"chainCatchCallbacks";N;s:5:"delay";N;s:11:"afterCommit";N;s:10:"middleware";a:0:{}s:7:"chained";a:0:{}}s:8:"channels";a:1:{i:0;s:4:"mail";}s:5:"tries";N;s:7:"timeout";N;s:17:"shouldBeEncrypted";b:0;s:3:"job";N;s:10:"connection";N;s:5:"queue";N;s:15:"chainConnection";N;s:10:"chainQueue";N;s:19:"chainCatchCallbacks";N;s:5:"delay";N;s:11:"afterCommit";N;s:10:"middleware";a:0:{}s:7:"chained";a:0:{}}',
    ),
  ),
)  
[2023-11-07 01:31:18] local.INFO: ......................... Job Processed Successfully .............................  
[2023-11-07 01:31:18] local.INFO: ............. Job Processing:: App\Notifications\Booking\BookingNotification .................  
[2023-11-07 01:31:18] local.INFO: array (
  'payload' => 
  array (
    'uuid' => '4cd0c5b5-d0a4-430c-9b0d-760ed1cb5946',
    'displayName' => 'App\\Notifications\\Booking\\BookingNotification',
    'job' => 'Illuminate\\Queue\\CallQueuedHandler@call',
    'maxTries' => NULL,
    'maxExceptions' => NULL,
    'failOnTimeout' => false,
    'backoff' => NULL,
    'timeout' => NULL,
    'retryUntil' => NULL,
    'data' => 
    array (
      'commandName' => 'Illuminate\\Notifications\\SendQueuedNotifications',
      'command' => 'O:48:"Illuminate\\Notifications\\SendQueuedNotifications":16:{s:11:"notifiables";O:45:"Illuminate\\Contracts\\Database\\ModelIdentifier":4:{s:5:"class";s:15:"App\\Models\\User";s:2:"id";a:1:{i:0;i:3;}s:9:"relations";a:0:{}s:10:"connection";s:5:"mysql";}s:12:"notification";O:45:"App\\Notifications\\Booking\\BookingNotification":12:{s:11:"records_obj";O:45:"Illuminate\\Contracts\\Database\\ModelIdentifier":4:{s:5:"class";s:43:"App\\Models\\StylistClientBookingAppointments";s:2:"id";i:79;s:9:"relations";a:0:{}s:10:"connection";s:5:"mysql";}s:2:"id";s:36:"ec964f1e-2733-4251-a559-e2bd19b3b441";s:6:"locale";N;s:10:"connection";N;s:5:"queue";N;s:15:"chainConnection";N;s:10:"chainQueue";N;s:19:"chainCatchCallbacks";N;s:5:"delay";N;s:11:"afterCommit";N;s:10:"middleware";a:0:{}s:7:"chained";a:0:{}}s:8:"channels";a:1:{i:0;s:8:"database";}s:5:"tries";N;s:7:"timeout";N;s:17:"shouldBeEncrypted";b:0;s:3:"job";N;s:10:"connection";N;s:5:"queue";N;s:15:"chainConnection";N;s:10:"chainQueue";N;s:19:"chainCatchCallbacks";N;s:5:"delay";N;s:11:"afterCommit";N;s:10:"middleware";a:0:{}s:7:"chained";a:0:{}}',
    ),
  ),
)  
[2023-11-07 01:31:18] local.INFO: ......................... Job Processed Successfully .............................  
[2023-11-07 01:36:45] local.INFO: ............. Job Processing:: App\Listeners\Order\OrderBeenPaid .................  
[2023-11-07 01:36:45] local.INFO: array (
  'payload' => 
  array (
    'uuid' => 'c1e91869-e9cf-4ff9-956e-1c9b5656e2ec',
    'displayName' => 'App\\Listeners\\Order\\OrderBeenPaid',
    'job' => 'Illuminate\\Queue\\CallQueuedHandler@call',
    'maxTries' => 5,
    'maxExceptions' => NULL,
    'failOnTimeout' => false,
    'backoff' => NULL,
    'timeout' => NULL,
    'retryUntil' => NULL,
    'data' => 
    array (
      'commandName' => 'Illuminate\\Events\\CallQueuedListener',
      'command' => 'O:36:"Illuminate\\Events\\CallQueuedListener":19:{s:5:"class";s:33:"App\\Listeners\\Order\\OrderBeenPaid";s:6:"method";s:6:"handle";s:4:"data";a:1:{i:0;O:26:"App\\Events\\Order\\OrderPaid":2:{s:5:"order";O:45:"Illuminate\\Contracts\\Database\\ModelIdentifier":4:{s:5:"class";s:16:"App\\Models\\Order";s:2:"id";i:309;s:9:"relations";a:5:{i:0;s:13:"paymentMethod";i:1;s:11:"inventories";i:2;s:4:"shop";i:3;s:11:"shop.config";i:4;s:18:"shop.config.stripe";}s:10:"connection";s:5:"mysql";}s:15:"notify_customer";N;}}s:5:"tries";i:5;s:13:"maxExceptions";N;s:7:"backoff";N;s:10:"retryUntil";N;s:7:"timeout";N;s:17:"shouldBeEncrypted";b:0;s:3:"job";N;s:10:"connection";N;s:5:"queue";N;s:15:"chainConnection";N;s:10:"chainQueue";N;s:19:"chainCatchCallbacks";N;s:5:"delay";N;s:11:"afterCommit";N;s:10:"middleware";a:0:{}s:7:"chained";a:0:{}}',
    ),
  ),
)  
[2023-11-07 01:36:45] local.INFO: ............. Job Processing:: App\Notifications\Order\OrderBeenPaid .................  
[2023-11-07 01:36:45] local.INFO: array (
  'payload' => 
  array (
    'uuid' => 'ad6f1031-c066-4797-965e-4c16cc3ccc17',
    'displayName' => 'App\\Notifications\\Order\\OrderBeenPaid',
    'job' => 'Illuminate\\Queue\\CallQueuedHandler@call',
    'maxTries' => NULL,
    'maxExceptions' => NULL,
    'failOnTimeout' => false,
    'backoff' => NULL,
    'timeout' => NULL,
    'retryUntil' => NULL,
    'data' => 
    array (
      'commandName' => 'Illuminate\\Notifications\\SendQueuedNotifications',
      'command' => 'O:48:"Illuminate\\Notifications\\SendQueuedNotifications":16:{s:11:"notifiables";O:45:"Illuminate\\Contracts\\Database\\ModelIdentifier":4:{s:5:"class";s:19:"App\\Models\\Customer";s:2:"id";a:1:{i:0;i:239;}s:9:"relations";a:0:{}s:10:"connection";s:5:"mysql";}s:12:"notification";O:37:"App\\Notifications\\Order\\OrderBeenPaid":12:{s:5:"order";O:45:"Illuminate\\Contracts\\Database\\ModelIdentifier":4:{s:5:"class";s:16:"App\\Models\\Order";s:2:"id";i:309;s:9:"relations";a:6:{i:0;s:13:"paymentMethod";i:1;s:11:"inventories";i:2;s:4:"shop";i:3;s:11:"shop.config";i:4;s:18:"shop.config.stripe";i:5;s:8:"customer";}s:10:"connection";s:5:"mysql";}s:2:"id";s:36:"ca6ef8b3-7f8a-4832-8f12-88b74b4127ad";s:6:"locale";N;s:10:"connection";N;s:5:"queue";N;s:15:"chainConnection";N;s:10:"chainQueue";N;s:19:"chainCatchCallbacks";N;s:5:"delay";N;s:11:"afterCommit";N;s:10:"middleware";a:0:{}s:7:"chained";a:0:{}}s:8:"channels";a:1:{i:0;s:4:"mail";}s:5:"tries";N;s:7:"timeout";N;s:17:"shouldBeEncrypted";b:0;s:3:"job";N;s:10:"connection";N;s:5:"queue";N;s:15:"chainConnection";N;s:10:"chainQueue";N;s:19:"chainCatchCallbacks";N;s:5:"delay";N;s:11:"afterCommit";N;s:10:"middleware";a:0:{}s:7:"chained";a:0:{}}',
    ),
  ),
)  
[2023-11-07 01:36:45] local.INFO: ......................... Job Processed Successfully .............................  
[2023-11-07 01:36:45] local.INFO: ............. Job Processing:: App\Notifications\Order\OrderBeenPaid .................  
[2023-11-07 01:36:45] local.INFO: array (
  'payload' => 
  array (
    'uuid' => '139539c1-6e8a-4120-84bd-0ef56f1a3af7',
    'displayName' => 'App\\Notifications\\Order\\OrderBeenPaid',
    'job' => 'Illuminate\\Queue\\CallQueuedHandler@call',
    'maxTries' => NULL,
    'maxExceptions' => NULL,
    'failOnTimeout' => false,
    'backoff' => NULL,
    'timeout' => NULL,
    'retryUntil' => NULL,
    'data' => 
    array (
      'commandName' => 'Illuminate\\Notifications\\SendQueuedNotifications',
      'command' => 'O:48:"Illuminate\\Notifications\\SendQueuedNotifications":16:{s:11:"notifiables";O:45:"Illuminate\\Contracts\\Database\\ModelIdentifier":4:{s:5:"class";s:19:"App\\Models\\Customer";s:2:"id";a:1:{i:0;i:239;}s:9:"relations";a:0:{}s:10:"connection";s:5:"mysql";}s:12:"notification";O:37:"App\\Notifications\\Order\\OrderBeenPaid":12:{s:5:"order";O:45:"Illuminate\\Contracts\\Database\\ModelIdentifier":4:{s:5:"class";s:16:"App\\Models\\Order";s:2:"id";i:309;s:9:"relations";a:6:{i:0;s:13:"paymentMethod";i:1;s:11:"inventories";i:2;s:4:"shop";i:3;s:11:"shop.config";i:4;s:18:"shop.config.stripe";i:5;s:8:"customer";}s:10:"connection";s:5:"mysql";}s:2:"id";s:36:"ca6ef8b3-7f8a-4832-8f12-88b74b4127ad";s:6:"locale";N;s:10:"connection";N;s:5:"queue";N;s:15:"chainConnection";N;s:10:"chainQueue";N;s:19:"chainCatchCallbacks";N;s:5:"delay";N;s:11:"afterCommit";N;s:10:"middleware";a:0:{}s:7:"chained";a:0:{}}s:8:"channels";a:1:{i:0;s:8:"database";}s:5:"tries";N;s:7:"timeout";N;s:17:"shouldBeEncrypted";b:0;s:3:"job";N;s:10:"connection";N;s:5:"queue";N;s:15:"chainConnection";N;s:10:"chainQueue";N;s:19:"chainCatchCallbacks";N;s:5:"delay";N;s:11:"afterCommit";N;s:10:"middleware";a:0:{}s:7:"chained";a:0:{}}',
    ),
  ),
)  
[2023-11-07 01:36:45] local.INFO: ......................... Job Processed Successfully .............................  
[2023-11-07 01:36:45] local.INFO: ......................... Job Processed Successfully .............................  
[2023-11-07 01:36:45] local.INFO: ............. Job Processing:: App\Notifications\Order\OrderCreated .................  
[2023-11-07 01:36:45] local.INFO: array (
  'payload' => 
  array (
    'uuid' => 'a9d0aa0a-31ff-4d26-88d4-8fb27c103931',
    'displayName' => 'App\\Notifications\\Order\\OrderCreated',
    'job' => 'Illuminate\\Queue\\CallQueuedHandler@call',
    'maxTries' => NULL,
    'maxExceptions' => NULL,
    'failOnTimeout' => false,
    'backoff' => NULL,
    'timeout' => NULL,
    'retryUntil' => NULL,
    'data' => 
    array (
      'commandName' => 'Illuminate\\Notifications\\SendQueuedNotifications',
      'command' => 'O:48:"Illuminate\\Notifications\\SendQueuedNotifications":16:{s:11:"notifiables";O:45:"Illuminate\\Contracts\\Database\\ModelIdentifier":4:{s:5:"class";s:15:"App\\Models\\User";s:2:"id";a:1:{i:0;i:3;}s:9:"relations";a:0:{}s:10:"connection";s:5:"mysql";}s:12:"notification";O:36:"App\\Notifications\\Order\\OrderCreated":12:{s:5:"order";O:45:"Illuminate\\Contracts\\Database\\ModelIdentifier":4:{s:5:"class";s:16:"App\\Models\\Order";s:2:"id";i:309;s:9:"relations";a:5:{i:0;s:13:"paymentMethod";i:1;s:11:"inventories";i:2;s:4:"shop";i:3;s:11:"shop.config";i:4;s:18:"shop.config.stripe";}s:10:"connection";s:5:"mysql";}s:2:"id";s:36:"e21c13c7-bd37-46c2-9c66-3be8c054b616";s:6:"locale";N;s:10:"connection";N;s:5:"queue";N;s:15:"chainConnection";N;s:10:"chainQueue";N;s:19:"chainCatchCallbacks";N;s:5:"delay";N;s:11:"afterCommit";N;s:10:"middleware";a:0:{}s:7:"chained";a:0:{}}s:8:"channels";a:1:{i:0;s:4:"mail";}s:5:"tries";N;s:7:"timeout";N;s:17:"shouldBeEncrypted";b:0;s:3:"job";N;s:10:"connection";N;s:5:"queue";N;s:15:"chainConnection";N;s:10:"chainQueue";N;s:19:"chainCatchCallbacks";N;s:5:"delay";N;s:11:"afterCommit";N;s:10:"middleware";a:0:{}s:7:"chained";a:0:{}}',
    ),
  ),
)  
[2023-11-07 01:36:45] local.INFO: ......................... Job Processed Successfully .............................  
[2023-11-07 01:36:45] local.INFO: ............. Job Processing:: App\Notifications\Order\OrderCreated .................  
[2023-11-07 01:36:45] local.INFO: array (
  'payload' => 
  array (
    'uuid' => '0eaa7928-a0b4-4e99-a8fe-5fd5b91d7e28',
    'displayName' => 'App\\Notifications\\Order\\OrderCreated',
    'job' => 'Illuminate\\Queue\\CallQueuedHandler@call',
    'maxTries' => NULL,
    'maxExceptions' => NULL,
    'failOnTimeout' => false,
    'backoff' => NULL,
    'timeout' => NULL,
    'retryUntil' => NULL,
    'data' => 
    array (
      'commandName' => 'Illuminate\\Notifications\\SendQueuedNotifications',
      'command' => 'O:48:"Illuminate\\Notifications\\SendQueuedNotifications":16:{s:11:"notifiables";O:45:"Illuminate\\Contracts\\Database\\ModelIdentifier":4:{s:5:"class";s:15:"App\\Models\\User";s:2:"id";a:1:{i:0;i:3;}s:9:"relations";a:0:{}s:10:"connection";s:5:"mysql";}s:12:"notification";O:36:"App\\Notifications\\Order\\OrderCreated":12:{s:5:"order";O:45:"Illuminate\\Contracts\\Database\\ModelIdentifier":4:{s:5:"class";s:16:"App\\Models\\Order";s:2:"id";i:309;s:9:"relations";a:5:{i:0;s:13:"paymentMethod";i:1;s:11:"inventories";i:2;s:4:"shop";i:3;s:11:"shop.config";i:4;s:18:"shop.config.stripe";}s:10:"connection";s:5:"mysql";}s:2:"id";s:36:"e21c13c7-bd37-46c2-9c66-3be8c054b616";s:6:"locale";N;s:10:"connection";N;s:5:"queue";N;s:15:"chainConnection";N;s:10:"chainQueue";N;s:19:"chainCatchCallbacks";N;s:5:"delay";N;s:11:"afterCommit";N;s:10:"middleware";a:0:{}s:7:"chained";a:0:{}}s:8:"channels";a:1:{i:0;s:8:"database";}s:5:"tries";N;s:7:"timeout";N;s:17:"shouldBeEncrypted";b:0;s:3:"job";N;s:10:"connection";N;s:5:"queue";N;s:15:"chainConnection";N;s:10:"chainQueue";N;s:19:"chainCatchCallbacks";N;s:5:"delay";N;s:11:"afterCommit";N;s:10:"middleware";a:0:{}s:7:"chained";a:0:{}}',
    ),
  ),
)  
[2023-11-07 01:36:45] local.INFO: ......................... Job Processed Successfully .............................  
[2023-11-07 01:36:45] local.INFO: ............. Job Processing:: App\Listeners\Order\NotifyCustomerOrderPlaced .................  
[2023-11-07 01:36:45] local.INFO: array (
  'payload' => 
  array (
    'uuid' => '5f707336-7a2a-4e9d-931a-8c60a3dfdada',
    'displayName' => 'App\\Listeners\\Order\\NotifyCustomerOrderPlaced',
    'job' => 'Illuminate\\Queue\\CallQueuedHandler@call',
    'maxTries' => 5,
    'maxExceptions' => NULL,
    'failOnTimeout' => false,
    'backoff' => NULL,
    'timeout' => NULL,
    'retryUntil' => NULL,
    'data' => 
    array (
      'commandName' => 'Illuminate\\Events\\CallQueuedListener',
      'command' => 'O:36:"Illuminate\\Events\\CallQueuedListener":19:{s:5:"class";s:45:"App\\Listeners\\Order\\NotifyCustomerOrderPlaced";s:6:"method";s:6:"handle";s:4:"data";a:1:{i:0;O:29:"App\\Events\\Order\\OrderCreated":2:{s:5:"order";O:45:"Illuminate\\Contracts\\Database\\ModelIdentifier":4:{s:5:"class";s:16:"App\\Models\\Order";s:2:"id";i:309;s:9:"relations";a:5:{i:0;s:13:"paymentMethod";i:1;s:11:"inventories";i:2;s:4:"shop";i:3;s:11:"shop.config";i:4;s:18:"shop.config.stripe";}s:10:"connection";s:5:"mysql";}s:15:"notify_customer";N;}}s:5:"tries";i:5;s:13:"maxExceptions";N;s:7:"backoff";N;s:10:"retryUntil";N;s:7:"timeout";N;s:17:"shouldBeEncrypted";b:0;s:3:"job";N;s:10:"connection";N;s:5:"queue";N;s:15:"chainConnection";N;s:10:"chainQueue";N;s:19:"chainCatchCallbacks";N;s:5:"delay";N;s:11:"afterCommit";N;s:10:"middleware";a:0:{}s:7:"chained";a:0:{}}',
    ),
  ),
)  
[2023-11-07 01:36:45] local.INFO: ............. Job Processing:: App\Notifications\Order\OrderCreated .................  
[2023-11-07 01:36:45] local.INFO: array (
  'payload' => 
  array (
    'uuid' => '432aa91d-22f4-4928-b5a6-ab2cb515a4fe',
    'displayName' => 'App\\Notifications\\Order\\OrderCreated',
    'job' => 'Illuminate\\Queue\\CallQueuedHandler@call',
    'maxTries' => NULL,
    'maxExceptions' => NULL,
    'failOnTimeout' => false,
    'backoff' => NULL,
    'timeout' => NULL,
    'retryUntil' => NULL,
    'data' => 
    array (
      'commandName' => 'Illuminate\\Notifications\\SendQueuedNotifications',
      'command' => 'O:48:"Illuminate\\Notifications\\SendQueuedNotifications":16:{s:11:"notifiables";O:45:"Illuminate\\Contracts\\Database\\ModelIdentifier":4:{s:5:"class";s:19:"App\\Models\\Customer";s:2:"id";a:1:{i:0;i:239;}s:9:"relations";a:0:{}s:10:"connection";s:5:"mysql";}s:12:"notification";O:36:"App\\Notifications\\Order\\OrderCreated":12:{s:5:"order";O:45:"Illuminate\\Contracts\\Database\\ModelIdentifier":4:{s:5:"class";s:16:"App\\Models\\Order";s:2:"id";i:309;s:9:"relations";a:6:{i:0;s:13:"paymentMethod";i:1;s:11:"inventories";i:2;s:4:"shop";i:3;s:11:"shop.config";i:4;s:18:"shop.config.stripe";i:5;s:8:"customer";}s:10:"connection";s:5:"mysql";}s:2:"id";s:36:"e88b50ca-5adc-43ca-b50c-7c84fc12d885";s:6:"locale";N;s:10:"connection";N;s:5:"queue";N;s:15:"chainConnection";N;s:10:"chainQueue";N;s:19:"chainCatchCallbacks";N;s:5:"delay";N;s:11:"afterCommit";N;s:10:"middleware";a:0:{}s:7:"chained";a:0:{}}s:8:"channels";a:1:{i:0;s:4:"mail";}s:5:"tries";N;s:7:"timeout";N;s:17:"shouldBeEncrypted";b:0;s:3:"job";N;s:10:"connection";N;s:5:"queue";N;s:15:"chainConnection";N;s:10:"chainQueue";N;s:19:"chainCatchCallbacks";N;s:5:"delay";N;s:11:"afterCommit";N;s:10:"middleware";a:0:{}s:7:"chained";a:0:{}}',
    ),
  ),
)  
[2023-11-07 01:36:45] local.INFO: ......................... Job Processed Successfully .............................  
[2023-11-07 01:36:45] local.INFO: ............. Job Processing:: App\Notifications\Order\OrderCreated .................  
[2023-11-07 01:36:45] local.INFO: array (
  'payload' => 
  array (
    'uuid' => '89c27f5d-b0a4-4f74-85a8-8d07a9a73a01',
    'displayName' => 'App\\Notifications\\Order\\OrderCreated',
    'job' => 'Illuminate\\Queue\\CallQueuedHandler@call',
    'maxTries' => NULL,
    'maxExceptions' => NULL,
    'failOnTimeout' => false,
    'backoff' => NULL,
    'timeout' => NULL,
    'retryUntil' => NULL,
    'data' => 
    array (
      'commandName' => 'Illuminate\\Notifications\\SendQueuedNotifications',
      'command' => 'O:48:"Illuminate\\Notifications\\SendQueuedNotifications":16:{s:11:"notifiables";O:45:"Illuminate\\Contracts\\Database\\ModelIdentifier":4:{s:5:"class";s:19:"App\\Models\\Customer";s:2:"id";a:1:{i:0;i:239;}s:9:"relations";a:0:{}s:10:"connection";s:5:"mysql";}s:12:"notification";O:36:"App\\Notifications\\Order\\OrderCreated":12:{s:5:"order";O:45:"Illuminate\\Contracts\\Database\\ModelIdentifier":4:{s:5:"class";s:16:"App\\Models\\Order";s:2:"id";i:309;s:9:"relations";a:6:{i:0;s:13:"paymentMethod";i:1;s:11:"inventories";i:2;s:4:"shop";i:3;s:11:"shop.config";i:4;s:18:"shop.config.stripe";i:5;s:8:"customer";}s:10:"connection";s:5:"mysql";}s:2:"id";s:36:"e88b50ca-5adc-43ca-b50c-7c84fc12d885";s:6:"locale";N;s:10:"connection";N;s:5:"queue";N;s:15:"chainConnection";N;s:10:"chainQueue";N;s:19:"chainCatchCallbacks";N;s:5:"delay";N;s:11:"afterCommit";N;s:10:"middleware";a:0:{}s:7:"chained";a:0:{}}s:8:"channels";a:1:{i:0;s:8:"database";}s:5:"tries";N;s:7:"timeout";N;s:17:"shouldBeEncrypted";b:0;s:3:"job";N;s:10:"connection";N;s:5:"queue";N;s:15:"chainConnection";N;s:10:"chainQueue";N;s:19:"chainCatchCallbacks";N;s:5:"delay";N;s:11:"afterCommit";N;s:10:"middleware";a:0:{}s:7:"chained";a:0:{}}',
    ),
  ),
)  
[2023-11-07 01:36:45] local.INFO: ......................... Job Processed Successfully .............................  
[2023-11-07 01:36:45] local.INFO: ......................... Job Processed Successfully .............................  
[2023-11-07 01:36:45] local.INFO: ............. Job Processing:: App\Listeners\Order\NotifyMerchantNewOrderPlaced .................  
[2023-11-07 01:36:45] local.INFO: array (
  'payload' => 
  array (
    'uuid' => '9c2a4a41-9f50-4917-bc2f-7e9ba8596caf',
    'displayName' => 'App\\Listeners\\Order\\NotifyMerchantNewOrderPlaced',
    'job' => 'Illuminate\\Queue\\CallQueuedHandler@call',
    'maxTries' => 5,
    'maxExceptions' => NULL,
    'failOnTimeout' => false,
    'backoff' => NULL,
    'timeout' => NULL,
    'retryUntil' => NULL,
    'data' => 
    array (
      'commandName' => 'Illuminate\\Events\\CallQueuedListener',
      'command' => 'O:36:"Illuminate\\Events\\CallQueuedListener":19:{s:5:"class";s:48:"App\\Listeners\\Order\\NotifyMerchantNewOrderPlaced";s:6:"method";s:6:"handle";s:4:"data";a:1:{i:0;O:29:"App\\Events\\Order\\OrderCreated":2:{s:5:"order";O:45:"Illuminate\\Contracts\\Database\\ModelIdentifier":4:{s:5:"class";s:16:"App\\Models\\Order";s:2:"id";i:309;s:9:"relations";a:5:{i:0;s:13:"paymentMethod";i:1;s:11:"inventories";i:2;s:4:"shop";i:3;s:11:"shop.config";i:4;s:18:"shop.config.stripe";}s:10:"connection";s:5:"mysql";}s:15:"notify_customer";N;}}s:5:"tries";i:5;s:13:"maxExceptions";N;s:7:"backoff";N;s:10:"retryUntil";N;s:7:"timeout";N;s:17:"shouldBeEncrypted";b:0;s:3:"job";N;s:10:"connection";N;s:5:"queue";N;s:15:"chainConnection";N;s:10:"chainQueue";N;s:19:"chainCatchCallbacks";N;s:5:"delay";N;s:11:"afterCommit";N;s:10:"middleware";a:0:{}s:7:"chained";a:0:{}}',
    ),
  ),
)  
[2023-11-07 01:36:45] local.INFO: ............. Job Processing:: App\Notifications\Order\MerchantOrderCreatedNotification .................  
[2023-11-07 01:36:45] local.INFO: array (
  'payload' => 
  array (
    'uuid' => '6f9b3f73-1300-42b1-886b-11443760e52e',
    'displayName' => 'App\\Notifications\\Order\\MerchantOrderCreatedNotification',
    'job' => 'Illuminate\\Queue\\CallQueuedHandler@call',
    'maxTries' => NULL,
    'maxExceptions' => NULL,
    'failOnTimeout' => false,
    'backoff' => NULL,
    'timeout' => NULL,
    'retryUntil' => NULL,
    'data' => 
    array (
      'commandName' => 'Illuminate\\Notifications\\SendQueuedNotifications',
      'command' => 'O:48:"Illuminate\\Notifications\\SendQueuedNotifications":16:{s:11:"notifiables";O:45:"Illuminate\\Contracts\\Database\\ModelIdentifier":4:{s:5:"class";s:15:"App\\Models\\User";s:2:"id";a:1:{i:0;i:3;}s:9:"relations";a:0:{}s:10:"connection";s:5:"mysql";}s:12:"notification";O:56:"App\\Notifications\\Order\\MerchantOrderCreatedNotification":12:{s:5:"order";O:45:"Illuminate\\Contracts\\Database\\ModelIdentifier":4:{s:5:"class";s:16:"App\\Models\\Order";s:2:"id";i:309;s:9:"relations";a:6:{i:0;s:13:"paymentMethod";i:1;s:11:"inventories";i:2;s:4:"shop";i:3;s:11:"shop.config";i:4;s:18:"shop.config.stripe";i:5;s:10:"shop.owner";}s:10:"connection";s:5:"mysql";}s:2:"id";s:36:"31a77572-dd05-4ee0-863a-adc77c2480b8";s:6:"locale";N;s:10:"connection";N;s:5:"queue";N;s:15:"chainConnection";N;s:10:"chainQueue";N;s:19:"chainCatchCallbacks";N;s:5:"delay";N;s:11:"afterCommit";N;s:10:"middleware";a:0:{}s:7:"chained";a:0:{}}s:8:"channels";a:1:{i:0;s:4:"mail";}s:5:"tries";N;s:7:"timeout";N;s:17:"shouldBeEncrypted";b:0;s:3:"job";N;s:10:"connection";N;s:5:"queue";N;s:15:"chainConnection";N;s:10:"chainQueue";N;s:19:"chainCatchCallbacks";N;s:5:"delay";N;s:11:"afterCommit";N;s:10:"middleware";a:0:{}s:7:"chained";a:0:{}}',
    ),
  ),
)  
[2023-11-07 01:36:45] local.INFO: ......................... Job Processed Successfully .............................  
[2023-11-07 01:36:45] local.INFO: ............. Job Processing:: App\Notifications\Order\MerchantOrderCreatedNotification .................  
[2023-11-07 01:36:45] local.INFO: array (
  'payload' => 
  array (
    'uuid' => 'edfacae1-f4bf-4062-b9ec-11e5b803075e',
    'displayName' => 'App\\Notifications\\Order\\MerchantOrderCreatedNotification',
    'job' => 'Illuminate\\Queue\\CallQueuedHandler@call',
    'maxTries' => NULL,
    'maxExceptions' => NULL,
    'failOnTimeout' => false,
    'backoff' => NULL,
    'timeout' => NULL,
    'retryUntil' => NULL,
    'data' => 
    array (
      'commandName' => 'Illuminate\\Notifications\\SendQueuedNotifications',
      'command' => 'O:48:"Illuminate\\Notifications\\SendQueuedNotifications":16:{s:11:"notifiables";O:45:"Illuminate\\Contracts\\Database\\ModelIdentifier":4:{s:5:"class";s:15:"App\\Models\\User";s:2:"id";a:1:{i:0;i:3;}s:9:"relations";a:0:{}s:10:"connection";s:5:"mysql";}s:12:"notification";O:56:"App\\Notifications\\Order\\MerchantOrderCreatedNotification":12:{s:5:"order";O:45:"Illuminate\\Contracts\\Database\\ModelIdentifier":4:{s:5:"class";s:16:"App\\Models\\Order";s:2:"id";i:309;s:9:"relations";a:6:{i:0;s:13:"paymentMethod";i:1;s:11:"inventories";i:2;s:4:"shop";i:3;s:11:"shop.config";i:4;s:18:"shop.config.stripe";i:5;s:10:"shop.owner";}s:10:"connection";s:5:"mysql";}s:2:"id";s:36:"31a77572-dd05-4ee0-863a-adc77c2480b8";s:6:"locale";N;s:10:"connection";N;s:5:"queue";N;s:15:"chainConnection";N;s:10:"chainQueue";N;s:19:"chainCatchCallbacks";N;s:5:"delay";N;s:11:"afterCommit";N;s:10:"middleware";a:0:{}s:7:"chained";a:0:{}}s:8:"channels";a:1:{i:0;s:8:"database";}s:5:"tries";N;s:7:"timeout";N;s:17:"shouldBeEncrypted";b:0;s:3:"job";N;s:10:"connection";N;s:5:"queue";N;s:15:"chainConnection";N;s:10:"chainQueue";N;s:19:"chainCatchCallbacks";N;s:5:"delay";N;s:11:"afterCommit";N;s:10:"middleware";a:0:{}s:7:"chained";a:0:{}}',
    ),
  ),
)  
[2023-11-07 01:36:45] local.INFO: ......................... Job Processed Successfully .............................  
[2023-11-07 01:36:45] local.INFO: ......................... Job Processed Successfully .............................  
[2023-11-07 01:36:45] local.INFO: ............. Job Processing:: App\Listeners\Order\LowInventoryCheck .................  
[2023-11-07 01:36:45] local.INFO: array (
  'payload' => 
  array (
    'uuid' => 'b316955e-5abb-471e-87c4-aa4d0a8987a1',
    'displayName' => 'App\\Listeners\\Order\\LowInventoryCheck',
    'job' => 'Illuminate\\Queue\\CallQueuedHandler@call',
    'maxTries' => 5,
    'maxExceptions' => NULL,
    'failOnTimeout' => false,
    'backoff' => NULL,
    'timeout' => NULL,
    'retryUntil' => NULL,
    'data' => 
    array (
      'commandName' => 'Illuminate\\Events\\CallQueuedListener',
      'command' => 'O:36:"Illuminate\\Events\\CallQueuedListener":19:{s:5:"class";s:37:"App\\Listeners\\Order\\LowInventoryCheck";s:6:"method";s:6:"handle";s:4:"data";a:1:{i:0;O:29:"App\\Events\\Order\\OrderCreated":2:{s:5:"order";O:45:"Illuminate\\Contracts\\Database\\ModelIdentifier":4:{s:5:"class";s:16:"App\\Models\\Order";s:2:"id";i:309;s:9:"relations";a:5:{i:0;s:13:"paymentMethod";i:1;s:11:"inventories";i:2;s:4:"shop";i:3;s:11:"shop.config";i:4;s:18:"shop.config.stripe";}s:10:"connection";s:5:"mysql";}s:15:"notify_customer";N;}}s:5:"tries";i:5;s:13:"maxExceptions";N;s:7:"backoff";N;s:10:"retryUntil";N;s:7:"timeout";N;s:17:"shouldBeEncrypted";b:0;s:3:"job";N;s:10:"connection";N;s:5:"queue";N;s:15:"chainConnection";N;s:10:"chainQueue";N;s:19:"chainCatchCallbacks";N;s:5:"delay";N;s:11:"afterCommit";N;s:10:"middleware";a:0:{}s:7:"chained";a:0:{}}',
    ),
  ),
)  
[2023-11-07 01:36:45] local.INFO: ......................... Job Processed Successfully .............................  
[2023-11-07 01:46:14] local.INFO: ............. Job Processing:: App\Listeners\Order\OrderBeenPaid .................  
[2023-11-07 01:46:14] local.INFO: array (
  'payload' => 
  array (
    'uuid' => '537f4abd-ec39-43d0-bb10-fe4a0c78383e',
    'displayName' => 'App\\Listeners\\Order\\OrderBeenPaid',
    'job' => 'Illuminate\\Queue\\CallQueuedHandler@call',
    'maxTries' => 5,
    'maxExceptions' => NULL,
    'failOnTimeout' => false,
    'backoff' => NULL,
    'timeout' => NULL,
    'retryUntil' => NULL,
    'data' => 
    array (
      'commandName' => 'Illuminate\\Events\\CallQueuedListener',
      'command' => 'O:36:"Illuminate\\Events\\CallQueuedListener":19:{s:5:"class";s:33:"App\\Listeners\\Order\\OrderBeenPaid";s:6:"method";s:6:"handle";s:4:"data";a:1:{i:0;O:26:"App\\Events\\Order\\OrderPaid":2:{s:5:"order";O:45:"Illuminate\\Contracts\\Database\\ModelIdentifier":4:{s:5:"class";s:16:"App\\Models\\Order";s:2:"id";i:311;s:9:"relations";a:5:{i:0;s:13:"paymentMethod";i:1;s:11:"inventories";i:2;s:4:"shop";i:3;s:11:"shop.config";i:4;s:18:"shop.config.stripe";}s:10:"connection";s:5:"mysql";}s:15:"notify_customer";N;}}s:5:"tries";i:5;s:13:"maxExceptions";N;s:7:"backoff";N;s:10:"retryUntil";N;s:7:"timeout";N;s:17:"shouldBeEncrypted";b:0;s:3:"job";N;s:10:"connection";N;s:5:"queue";N;s:15:"chainConnection";N;s:10:"chainQueue";N;s:19:"chainCatchCallbacks";N;s:5:"delay";N;s:11:"afterCommit";N;s:10:"middleware";a:0:{}s:7:"chained";a:0:{}}',
    ),
  ),
)  
[2023-11-07 01:46:14] local.INFO: ............. Job Processing:: App\Notifications\Order\OrderBeenPaid .................  
[2023-11-07 01:46:14] local.INFO: array (
  'payload' => 
  array (
    'uuid' => 'b7a8d474-af70-4abd-a0e0-95ce46a846aa',
    'displayName' => 'App\\Notifications\\Order\\OrderBeenPaid',
    'job' => 'Illuminate\\Queue\\CallQueuedHandler@call',
    'maxTries' => NULL,
    'maxExceptions' => NULL,
    'failOnTimeout' => false,
    'backoff' => NULL,
    'timeout' => NULL,
    'retryUntil' => NULL,
    'data' => 
    array (
      'commandName' => 'Illuminate\\Notifications\\SendQueuedNotifications',
      'command' => 'O:48:"Illuminate\\Notifications\\SendQueuedNotifications":16:{s:11:"notifiables";O:45:"Illuminate\\Contracts\\Database\\ModelIdentifier":4:{s:5:"class";s:19:"App\\Models\\Customer";s:2:"id";a:1:{i:0;i:391;}s:9:"relations";a:0:{}s:10:"connection";s:5:"mysql";}s:12:"notification";O:37:"App\\Notifications\\Order\\OrderBeenPaid":12:{s:5:"order";O:45:"Illuminate\\Contracts\\Database\\ModelIdentifier":4:{s:5:"class";s:16:"App\\Models\\Order";s:2:"id";i:311;s:9:"relations";a:6:{i:0;s:13:"paymentMethod";i:1;s:11:"inventories";i:2;s:4:"shop";i:3;s:11:"shop.config";i:4;s:18:"shop.config.stripe";i:5;s:8:"customer";}s:10:"connection";s:5:"mysql";}s:2:"id";s:36:"c0cfe121-f618-4b9b-997c-fc22527b0635";s:6:"locale";N;s:10:"connection";N;s:5:"queue";N;s:15:"chainConnection";N;s:10:"chainQueue";N;s:19:"chainCatchCallbacks";N;s:5:"delay";N;s:11:"afterCommit";N;s:10:"middleware";a:0:{}s:7:"chained";a:0:{}}s:8:"channels";a:1:{i:0;s:4:"mail";}s:5:"tries";N;s:7:"timeout";N;s:17:"shouldBeEncrypted";b:0;s:3:"job";N;s:10:"connection";N;s:5:"queue";N;s:15:"chainConnection";N;s:10:"chainQueue";N;s:19:"chainCatchCallbacks";N;s:5:"delay";N;s:11:"afterCommit";N;s:10:"middleware";a:0:{}s:7:"chained";a:0:{}}',
    ),
  ),
)  
[2023-11-07 01:46:14] local.INFO: ......................... Job Processed Successfully .............................  
[2023-11-07 01:46:14] local.INFO: ............. Job Processing:: App\Notifications\Order\OrderBeenPaid .................  
[2023-11-07 01:46:14] local.INFO: array (
  'payload' => 
  array (
    'uuid' => '3ebeb72a-a8da-4dc5-b1d7-1c7982edc572',
    'displayName' => 'App\\Notifications\\Order\\OrderBeenPaid',
    'job' => 'Illuminate\\Queue\\CallQueuedHandler@call',
    'maxTries' => NULL,
    'maxExceptions' => NULL,
    'failOnTimeout' => false,
    'backoff' => NULL,
    'timeout' => NULL,
    'retryUntil' => NULL,
    'data' => 
    array (
      'commandName' => 'Illuminate\\Notifications\\SendQueuedNotifications',
      'command' => 'O:48:"Illuminate\\Notifications\\SendQueuedNotifications":16:{s:11:"notifiables";O:45:"Illuminate\\Contracts\\Database\\ModelIdentifier":4:{s:5:"class";s:19:"App\\Models\\Customer";s:2:"id";a:1:{i:0;i:391;}s:9:"relations";a:0:{}s:10:"connection";s:5:"mysql";}s:12:"notification";O:37:"App\\Notifications\\Order\\OrderBeenPaid":12:{s:5:"order";O:45:"Illuminate\\Contracts\\Database\\ModelIdentifier":4:{s:5:"class";s:16:"App\\Models\\Order";s:2:"id";i:311;s:9:"relations";a:6:{i:0;s:13:"paymentMethod";i:1;s:11:"inventories";i:2;s:4:"shop";i:3;s:11:"shop.config";i:4;s:18:"shop.config.stripe";i:5;s:8:"customer";}s:10:"connection";s:5:"mysql";}s:2:"id";s:36:"c0cfe121-f618-4b9b-997c-fc22527b0635";s:6:"locale";N;s:10:"connection";N;s:5:"queue";N;s:15:"chainConnection";N;s:10:"chainQueue";N;s:19:"chainCatchCallbacks";N;s:5:"delay";N;s:11:"afterCommit";N;s:10:"middleware";a:0:{}s:7:"chained";a:0:{}}s:8:"channels";a:1:{i:0;s:8:"database";}s:5:"tries";N;s:7:"timeout";N;s:17:"shouldBeEncrypted";b:0;s:3:"job";N;s:10:"connection";N;s:5:"queue";N;s:15:"chainConnection";N;s:10:"chainQueue";N;s:19:"chainCatchCallbacks";N;s:5:"delay";N;s:11:"afterCommit";N;s:10:"middleware";a:0:{}s:7:"chained";a:0:{}}',
    ),
  ),
)  
[2023-11-07 01:46:14] local.INFO: ......................... Job Processed Successfully .............................  
[2023-11-07 01:46:14] local.INFO: ......................... Job Processed Successfully .............................  
[2023-11-07 01:46:14] local.INFO: ............. Job Processing:: App\Notifications\Order\OrderCreated .................  
[2023-11-07 01:46:14] local.INFO: array (
  'payload' => 
  array (
    'uuid' => 'cf5c1ad9-4bbe-43e6-8f96-76c8fb713c6b',
    'displayName' => 'App\\Notifications\\Order\\OrderCreated',
    'job' => 'Illuminate\\Queue\\CallQueuedHandler@call',
    'maxTries' => NULL,
    'maxExceptions' => NULL,
    'failOnTimeout' => false,
    'backoff' => NULL,
    'timeout' => NULL,
    'retryUntil' => NULL,
    'data' => 
    array (
      'commandName' => 'Illuminate\\Notifications\\SendQueuedNotifications',
      'command' => 'O:48:"Illuminate\\Notifications\\SendQueuedNotifications":16:{s:11:"notifiables";O:45:"Illuminate\\Contracts\\Database\\ModelIdentifier":4:{s:5:"class";s:15:"App\\Models\\User";s:2:"id";a:1:{i:0;i:3;}s:9:"relations";a:0:{}s:10:"connection";s:5:"mysql";}s:12:"notification";O:36:"App\\Notifications\\Order\\OrderCreated":12:{s:5:"order";O:45:"Illuminate\\Contracts\\Database\\ModelIdentifier":4:{s:5:"class";s:16:"App\\Models\\Order";s:2:"id";i:311;s:9:"relations";a:5:{i:0;s:13:"paymentMethod";i:1;s:11:"inventories";i:2;s:4:"shop";i:3;s:11:"shop.config";i:4;s:18:"shop.config.stripe";}s:10:"connection";s:5:"mysql";}s:2:"id";s:36:"9792a845-b205-4c25-bc73-50524df5649b";s:6:"locale";N;s:10:"connection";N;s:5:"queue";N;s:15:"chainConnection";N;s:10:"chainQueue";N;s:19:"chainCatchCallbacks";N;s:5:"delay";N;s:11:"afterCommit";N;s:10:"middleware";a:0:{}s:7:"chained";a:0:{}}s:8:"channels";a:1:{i:0;s:4:"mail";}s:5:"tries";N;s:7:"timeout";N;s:17:"shouldBeEncrypted";b:0;s:3:"job";N;s:10:"connection";N;s:5:"queue";N;s:15:"chainConnection";N;s:10:"chainQueue";N;s:19:"chainCatchCallbacks";N;s:5:"delay";N;s:11:"afterCommit";N;s:10:"middleware";a:0:{}s:7:"chained";a:0:{}}',
    ),
  ),
)  
[2023-11-07 01:46:14] local.INFO: ......................... Job Processed Successfully .............................  
[2023-11-07 01:46:14] local.INFO: ............. Job Processing:: App\Notifications\Order\OrderCreated .................  
[2023-11-07 01:46:14] local.INFO: array (
  'payload' => 
  array (
    'uuid' => 'f1f6f115-7941-442e-8646-3443252f75f2',
    'displayName' => 'App\\Notifications\\Order\\OrderCreated',
    'job' => 'Illuminate\\Queue\\CallQueuedHandler@call',
    'maxTries' => NULL,
    'maxExceptions' => NULL,
    'failOnTimeout' => false,
    'backoff' => NULL,
    'timeout' => NULL,
    'retryUntil' => NULL,
    'data' => 
    array (
      'commandName' => 'Illuminate\\Notifications\\SendQueuedNotifications',
      'command' => 'O:48:"Illuminate\\Notifications\\SendQueuedNotifications":16:{s:11:"notifiables";O:45:"Illuminate\\Contracts\\Database\\ModelIdentifier":4:{s:5:"class";s:15:"App\\Models\\User";s:2:"id";a:1:{i:0;i:3;}s:9:"relations";a:0:{}s:10:"connection";s:5:"mysql";}s:12:"notification";O:36:"App\\Notifications\\Order\\OrderCreated":12:{s:5:"order";O:45:"Illuminate\\Contracts\\Database\\ModelIdentifier":4:{s:5:"class";s:16:"App\\Models\\Order";s:2:"id";i:311;s:9:"relations";a:5:{i:0;s:13:"paymentMethod";i:1;s:11:"inventories";i:2;s:4:"shop";i:3;s:11:"shop.config";i:4;s:18:"shop.config.stripe";}s:10:"connection";s:5:"mysql";}s:2:"id";s:36:"9792a845-b205-4c25-bc73-50524df5649b";s:6:"locale";N;s:10:"connection";N;s:5:"queue";N;s:15:"chainConnection";N;s:10:"chainQueue";N;s:19:"chainCatchCallbacks";N;s:5:"delay";N;s:11:"afterCommit";N;s:10:"middleware";a:0:{}s:7:"chained";a:0:{}}s:8:"channels";a:1:{i:0;s:8:"database";}s:5:"tries";N;s:7:"timeout";N;s:17:"shouldBeEncrypted";b:0;s:3:"job";N;s:10:"connection";N;s:5:"queue";N;s:15:"chainConnection";N;s:10:"chainQueue";N;s:19:"chainCatchCallbacks";N;s:5:"delay";N;s:11:"afterCommit";N;s:10:"middleware";a:0:{}s:7:"chained";a:0:{}}',
    ),
  ),
)  
[2023-11-07 01:46:14] local.INFO: ......................... Job Processed Successfully .............................  
[2023-11-07 01:46:14] local.INFO: ............. Job Processing:: App\Listeners\Order\NotifyCustomerOrderPlaced .................  
[2023-11-07 01:46:14] local.INFO: array (
  'payload' => 
  array (
    'uuid' => '88428ab0-2a04-431c-b2bf-973bad36bbcc',
    'displayName' => 'App\\Listeners\\Order\\NotifyCustomerOrderPlaced',
    'job' => 'Illuminate\\Queue\\CallQueuedHandler@call',
    'maxTries' => 5,
    'maxExceptions' => NULL,
    'failOnTimeout' => false,
    'backoff' => NULL,
    'timeout' => NULL,
    'retryUntil' => NULL,
    'data' => 
    array (
      'commandName' => 'Illuminate\\Events\\CallQueuedListener',
      'command' => 'O:36:"Illuminate\\Events\\CallQueuedListener":19:{s:5:"class";s:45:"App\\Listeners\\Order\\NotifyCustomerOrderPlaced";s:6:"method";s:6:"handle";s:4:"data";a:1:{i:0;O:29:"App\\Events\\Order\\OrderCreated":2:{s:5:"order";O:45:"Illuminate\\Contracts\\Database\\ModelIdentifier":4:{s:5:"class";s:16:"App\\Models\\Order";s:2:"id";i:311;s:9:"relations";a:5:{i:0;s:13:"paymentMethod";i:1;s:11:"inventories";i:2;s:4:"shop";i:3;s:11:"shop.config";i:4;s:18:"shop.config.stripe";}s:10:"connection";s:5:"mysql";}s:15:"notify_customer";N;}}s:5:"tries";i:5;s:13:"maxExceptions";N;s:7:"backoff";N;s:10:"retryUntil";N;s:7:"timeout";N;s:17:"shouldBeEncrypted";b:0;s:3:"job";N;s:10:"connection";N;s:5:"queue";N;s:15:"chainConnection";N;s:10:"chainQueue";N;s:19:"chainCatchCallbacks";N;s:5:"delay";N;s:11:"afterCommit";N;s:10:"middleware";a:0:{}s:7:"chained";a:0:{}}',
    ),
  ),
)  
[2023-11-07 01:46:14] local.INFO: ............. Job Processing:: App\Notifications\Order\OrderCreated .................  
[2023-11-07 01:46:14] local.INFO: array (
  'payload' => 
  array (
    'uuid' => '3b1d1fc2-2b2d-4ea2-b428-a246a85bc8ec',
    'displayName' => 'App\\Notifications\\Order\\OrderCreated',
    'job' => 'Illuminate\\Queue\\CallQueuedHandler@call',
    'maxTries' => NULL,
    'maxExceptions' => NULL,
    'failOnTimeout' => false,
    'backoff' => NULL,
    'timeout' => NULL,
    'retryUntil' => NULL,
    'data' => 
    array (
      'commandName' => 'Illuminate\\Notifications\\SendQueuedNotifications',
      'command' => 'O:48:"Illuminate\\Notifications\\SendQueuedNotifications":16:{s:11:"notifiables";O:45:"Illuminate\\Contracts\\Database\\ModelIdentifier":4:{s:5:"class";s:19:"App\\Models\\Customer";s:2:"id";a:1:{i:0;i:391;}s:9:"relations";a:0:{}s:10:"connection";s:5:"mysql";}s:12:"notification";O:36:"App\\Notifications\\Order\\OrderCreated":12:{s:5:"order";O:45:"Illuminate\\Contracts\\Database\\ModelIdentifier":4:{s:5:"class";s:16:"App\\Models\\Order";s:2:"id";i:311;s:9:"relations";a:6:{i:0;s:13:"paymentMethod";i:1;s:11:"inventories";i:2;s:4:"shop";i:3;s:11:"shop.config";i:4;s:18:"shop.config.stripe";i:5;s:8:"customer";}s:10:"connection";s:5:"mysql";}s:2:"id";s:36:"65501b18-bdf2-4dff-b8c8-2b6fc723b908";s:6:"locale";N;s:10:"connection";N;s:5:"queue";N;s:15:"chainConnection";N;s:10:"chainQueue";N;s:19:"chainCatchCallbacks";N;s:5:"delay";N;s:11:"afterCommit";N;s:10:"middleware";a:0:{}s:7:"chained";a:0:{}}s:8:"channels";a:1:{i:0;s:4:"mail";}s:5:"tries";N;s:7:"timeout";N;s:17:"shouldBeEncrypted";b:0;s:3:"job";N;s:10:"connection";N;s:5:"queue";N;s:15:"chainConnection";N;s:10:"chainQueue";N;s:19:"chainCatchCallbacks";N;s:5:"delay";N;s:11:"afterCommit";N;s:10:"middleware";a:0:{}s:7:"chained";a:0:{}}',
    ),
  ),
)  
[2023-11-07 01:46:14] local.INFO: ......................... Job Processed Successfully .............................  
[2023-11-07 01:46:14] local.INFO: ............. Job Processing:: App\Notifications\Order\OrderCreated .................  
[2023-11-07 01:46:14] local.INFO: array (
  'payload' => 
  array (
    'uuid' => '9b3088f6-6988-4b9b-89d3-5ebd9a755cf1',
    'displayName' => 'App\\Notifications\\Order\\OrderCreated',
    'job' => 'Illuminate\\Queue\\CallQueuedHandler@call',
    'maxTries' => NULL,
    'maxExceptions' => NULL,
    'failOnTimeout' => false,
    'backoff' => NULL,
    'timeout' => NULL,
    'retryUntil' => NULL,
    'data' => 
    array (
      'commandName' => 'Illuminate\\Notifications\\SendQueuedNotifications',
      'command' => 'O:48:"Illuminate\\Notifications\\SendQueuedNotifications":16:{s:11:"notifiables";O:45:"Illuminate\\Contracts\\Database\\ModelIdentifier":4:{s:5:"class";s:19:"App\\Models\\Customer";s:2:"id";a:1:{i:0;i:391;}s:9:"relations";a:0:{}s:10:"connection";s:5:"mysql";}s:12:"notification";O:36:"App\\Notifications\\Order\\OrderCreated":12:{s:5:"order";O:45:"Illuminate\\Contracts\\Database\\ModelIdentifier":4:{s:5:"class";s:16:"App\\Models\\Order";s:2:"id";i:311;s:9:"relations";a:6:{i:0;s:13:"paymentMethod";i:1;s:11:"inventories";i:2;s:4:"shop";i:3;s:11:"shop.config";i:4;s:18:"shop.config.stripe";i:5;s:8:"customer";}s:10:"connection";s:5:"mysql";}s:2:"id";s:36:"65501b18-bdf2-4dff-b8c8-2b6fc723b908";s:6:"locale";N;s:10:"connection";N;s:5:"queue";N;s:15:"chainConnection";N;s:10:"chainQueue";N;s:19:"chainCatchCallbacks";N;s:5:"delay";N;s:11:"afterCommit";N;s:10:"middleware";a:0:{}s:7:"chained";a:0:{}}s:8:"channels";a:1:{i:0;s:8:"database";}s:5:"tries";N;s:7:"timeout";N;s:17:"shouldBeEncrypted";b:0;s:3:"job";N;s:10:"connection";N;s:5:"queue";N;s:15:"chainConnection";N;s:10:"chainQueue";N;s:19:"chainCatchCallbacks";N;s:5:"delay";N;s:11:"afterCommit";N;s:10:"middleware";a:0:{}s:7:"chained";a:0:{}}',
    ),
  ),
)  
[2023-11-07 01:46:14] local.INFO: ......................... Job Processed Successfully .............................  
[2023-11-07 01:46:14] local.INFO: ......................... Job Processed Successfully .............................  
[2023-11-07 01:46:14] local.INFO: ............. Job Processing:: App\Listeners\Order\NotifyMerchantNewOrderPlaced .................  
[2023-11-07 01:46:14] local.INFO: array (
  'payload' => 
  array (
    'uuid' => '19815fbd-9eb2-4176-a0b6-a04bc2a1bcee',
    'displayName' => 'App\\Listeners\\Order\\NotifyMerchantNewOrderPlaced',
    'job' => 'Illuminate\\Queue\\CallQueuedHandler@call',
    'maxTries' => 5,
    'maxExceptions' => NULL,
    'failOnTimeout' => false,
    'backoff' => NULL,
    'timeout' => NULL,
    'retryUntil' => NULL,
    'data' => 
    array (
      'commandName' => 'Illuminate\\Events\\CallQueuedListener',
      'command' => 'O:36:"Illuminate\\Events\\CallQueuedListener":19:{s:5:"class";s:48:"App\\Listeners\\Order\\NotifyMerchantNewOrderPlaced";s:6:"method";s:6:"handle";s:4:"data";a:1:{i:0;O:29:"App\\Events\\Order\\OrderCreated":2:{s:5:"order";O:45:"Illuminate\\Contracts\\Database\\ModelIdentifier":4:{s:5:"class";s:16:"App\\Models\\Order";s:2:"id";i:311;s:9:"relations";a:5:{i:0;s:13:"paymentMethod";i:1;s:11:"inventories";i:2;s:4:"shop";i:3;s:11:"shop.config";i:4;s:18:"shop.config.stripe";}s:10:"connection";s:5:"mysql";}s:15:"notify_customer";N;}}s:5:"tries";i:5;s:13:"maxExceptions";N;s:7:"backoff";N;s:10:"retryUntil";N;s:7:"timeout";N;s:17:"shouldBeEncrypted";b:0;s:3:"job";N;s:10:"connection";N;s:5:"queue";N;s:15:"chainConnection";N;s:10:"chainQueue";N;s:19:"chainCatchCallbacks";N;s:5:"delay";N;s:11:"afterCommit";N;s:10:"middleware";a:0:{}s:7:"chained";a:0:{}}',
    ),
  ),
)  
[2023-11-07 01:46:14] local.INFO: ............. Job Processing:: App\Notifications\Order\MerchantOrderCreatedNotification .................  
[2023-11-07 01:46:14] local.INFO: array (
  'payload' => 
  array (
    'uuid' => '658dc2cb-692e-4be5-89a8-102411a2eec4',
    'displayName' => 'App\\Notifications\\Order\\MerchantOrderCreatedNotification',
    'job' => 'Illuminate\\Queue\\CallQueuedHandler@call',
    'maxTries' => NULL,
    'maxExceptions' => NULL,
    'failOnTimeout' => false,
    'backoff' => NULL,
    'timeout' => NULL,
    'retryUntil' => NULL,
    'data' => 
    array (
      'commandName' => 'Illuminate\\Notifications\\SendQueuedNotifications',
      'command' => 'O:48:"Illuminate\\Notifications\\SendQueuedNotifications":16:{s:11:"notifiables";O:45:"Illuminate\\Contracts\\Database\\ModelIdentifier":4:{s:5:"class";s:15:"App\\Models\\User";s:2:"id";a:1:{i:0;i:3;}s:9:"relations";a:0:{}s:10:"connection";s:5:"mysql";}s:12:"notification";O:56:"App\\Notifications\\Order\\MerchantOrderCreatedNotification":12:{s:5:"order";O:45:"Illuminate\\Contracts\\Database\\ModelIdentifier":4:{s:5:"class";s:16:"App\\Models\\Order";s:2:"id";i:311;s:9:"relations";a:6:{i:0;s:13:"paymentMethod";i:1;s:11:"inventories";i:2;s:4:"shop";i:3;s:11:"shop.config";i:4;s:18:"shop.config.stripe";i:5;s:10:"shop.owner";}s:10:"connection";s:5:"mysql";}s:2:"id";s:36:"910bd54b-7b44-4242-b8e4-dc459d57e864";s:6:"locale";N;s:10:"connection";N;s:5:"queue";N;s:15:"chainConnection";N;s:10:"chainQueue";N;s:19:"chainCatchCallbacks";N;s:5:"delay";N;s:11:"afterCommit";N;s:10:"middleware";a:0:{}s:7:"chained";a:0:{}}s:8:"channels";a:1:{i:0;s:4:"mail";}s:5:"tries";N;s:7:"timeout";N;s:17:"shouldBeEncrypted";b:0;s:3:"job";N;s:10:"connection";N;s:5:"queue";N;s:15:"chainConnection";N;s:10:"chainQueue";N;s:19:"chainCatchCallbacks";N;s:5:"delay";N;s:11:"afterCommit";N;s:10:"middleware";a:0:{}s:7:"chained";a:0:{}}',
    ),
  ),
)  
[2023-11-07 01:46:14] local.INFO: ......................... Job Processed Successfully .............................  
[2023-11-07 01:46:14] local.INFO: ............. Job Processing:: App\Notifications\Order\MerchantOrderCreatedNotification .................  
[2023-11-07 01:46:14] local.INFO: array (
  'payload' => 
  array (
    'uuid' => '79ba608b-84bf-4d67-88c0-f530c658f8c1',
    'displayName' => 'App\\Notifications\\Order\\MerchantOrderCreatedNotification',
    'job' => 'Illuminate\\Queue\\CallQueuedHandler@call',
    'maxTries' => NULL,
    'maxExceptions' => NULL,
    'failOnTimeout' => false,
    'backoff' => NULL,
    'timeout' => NULL,
    'retryUntil' => NULL,
    'data' => 
    array (
      'commandName' => 'Illuminate\\Notifications\\SendQueuedNotifications',
      'command' => 'O:48:"Illuminate\\Notifications\\SendQueuedNotifications":16:{s:11:"notifiables";O:45:"Illuminate\\Contracts\\Database\\ModelIdentifier":4:{s:5:"class";s:15:"App\\Models\\User";s:2:"id";a:1:{i:0;i:3;}s:9:"relations";a:0:{}s:10:"connection";s:5:"mysql";}s:12:"notification";O:56:"App\\Notifications\\Order\\MerchantOrderCreatedNotification":12:{s:5:"order";O:45:"Illuminate\\Contracts\\Database\\ModelIdentifier":4:{s:5:"class";s:16:"App\\Models\\Order";s:2:"id";i:311;s:9:"relations";a:6:{i:0;s:13:"paymentMethod";i:1;s:11:"inventories";i:2;s:4:"shop";i:3;s:11:"shop.config";i:4;s:18:"shop.config.stripe";i:5;s:10:"shop.owner";}s:10:"connection";s:5:"mysql";}s:2:"id";s:36:"910bd54b-7b44-4242-b8e4-dc459d57e864";s:6:"locale";N;s:10:"connection";N;s:5:"queue";N;s:15:"chainConnection";N;s:10:"chainQueue";N;s:19:"chainCatchCallbacks";N;s:5:"delay";N;s:11:"afterCommit";N;s:10:"middleware";a:0:{}s:7:"chained";a:0:{}}s:8:"channels";a:1:{i:0;s:8:"database";}s:5:"tries";N;s:7:"timeout";N;s:17:"shouldBeEncrypted";b:0;s:3:"job";N;s:10:"connection";N;s:5:"queue";N;s:15:"chainConnection";N;s:10:"chainQueue";N;s:19:"chainCatchCallbacks";N;s:5:"delay";N;s:11:"afterCommit";N;s:10:"middleware";a:0:{}s:7:"chained";a:0:{}}',
    ),
  ),
)  
[2023-11-07 01:46:14] local.INFO: ......................... Job Processed Successfully .............................  
[2023-11-07 01:46:14] local.INFO: ......................... Job Processed Successfully .............................  
[2023-11-07 01:46:14] local.INFO: ............. Job Processing:: App\Listeners\Order\LowInventoryCheck .................  
[2023-11-07 01:46:14] local.INFO: array (
  'payload' => 
  array (
    'uuid' => '6488bb9d-65e8-45fb-a7b4-410d57340e5b',
    'displayName' => 'App\\Listeners\\Order\\LowInventoryCheck',
    'job' => 'Illuminate\\Queue\\CallQueuedHandler@call',
    'maxTries' => 5,
    'maxExceptions' => NULL,
    'failOnTimeout' => false,
    'backoff' => NULL,
    'timeout' => NULL,
    'retryUntil' => NULL,
    'data' => 
    array (
      'commandName' => 'Illuminate\\Events\\CallQueuedListener',
      'command' => 'O:36:"Illuminate\\Events\\CallQueuedListener":19:{s:5:"class";s:37:"App\\Listeners\\Order\\LowInventoryCheck";s:6:"method";s:6:"handle";s:4:"data";a:1:{i:0;O:29:"App\\Events\\Order\\OrderCreated":2:{s:5:"order";O:45:"Illuminate\\Contracts\\Database\\ModelIdentifier":4:{s:5:"class";s:16:"App\\Models\\Order";s:2:"id";i:311;s:9:"relations";a:5:{i:0;s:13:"paymentMethod";i:1;s:11:"inventories";i:2;s:4:"shop";i:3;s:11:"shop.config";i:4;s:18:"shop.config.stripe";}s:10:"connection";s:5:"mysql";}s:15:"notify_customer";N;}}s:5:"tries";i:5;s:13:"maxExceptions";N;s:7:"backoff";N;s:10:"retryUntil";N;s:7:"timeout";N;s:17:"shouldBeEncrypted";b:0;s:3:"job";N;s:10:"connection";N;s:5:"queue";N;s:15:"chainConnection";N;s:10:"chainQueue";N;s:19:"chainCatchCallbacks";N;s:5:"delay";N;s:11:"afterCommit";N;s:10:"middleware";a:0:{}s:7:"chained";a:0:{}}',
    ),
  ),
)  
[2023-11-07 01:46:14] local.INFO: ......................... Job Processed Successfully .............................  
[2023-11-07 21:52:03] local.INFO: ............. Job Processing:: App\Notifications\Customer\Registered .................  
[2023-11-07 21:52:03] local.INFO: array (
  'payload' => 
  array (
    'uuid' => '0778b6bd-89ee-4140-9d66-4587b1de2406',
    'displayName' => 'App\\Notifications\\Customer\\Registered',
    'job' => 'Illuminate\\Queue\\CallQueuedHandler@call',
    'maxTries' => NULL,
    'maxExceptions' => NULL,
    'failOnTimeout' => false,
    'backoff' => NULL,
    'timeout' => NULL,
    'retryUntil' => NULL,
    'data' => 
    array (
      'commandName' => 'Illuminate\\Notifications\\SendQueuedNotifications',
      'command' => 'O:48:"Illuminate\\Notifications\\SendQueuedNotifications":16:{s:11:"notifiables";O:45:"Illuminate\\Contracts\\Database\\ModelIdentifier":4:{s:5:"class";s:15:"App\\Models\\User";s:2:"id";a:1:{i:0;i:1;}s:9:"relations";a:0:{}s:10:"connection";s:5:"mysql";}s:12:"notification";O:37:"App\\Notifications\\Customer\\Registered":12:{s:8:"customer";O:45:"Illuminate\\Contracts\\Database\\ModelIdentifier":4:{s:5:"class";s:19:"App\\Models\\Customer";s:2:"id";i:395;s:9:"relations";a:0:{}s:10:"connection";s:5:"mysql";}s:2:"id";s:36:"0e67a69e-4624-4896-900f-7b52c2d08960";s:6:"locale";N;s:10:"connection";N;s:5:"queue";N;s:15:"chainConnection";N;s:10:"chainQueue";N;s:19:"chainCatchCallbacks";N;s:5:"delay";N;s:11:"afterCommit";N;s:10:"middleware";a:0:{}s:7:"chained";a:0:{}}s:8:"channels";a:1:{i:0;s:4:"mail";}s:5:"tries";N;s:7:"timeout";N;s:17:"shouldBeEncrypted";b:0;s:3:"job";N;s:10:"connection";N;s:5:"queue";N;s:15:"chainConnection";N;s:10:"chainQueue";N;s:19:"chainCatchCallbacks";N;s:5:"delay";N;s:11:"afterCommit";N;s:10:"middleware";a:0:{}s:7:"chained";a:0:{}}',
    ),
  ),
)  
[2023-11-07 21:52:03] local.INFO: ......................... Job Processed Successfully .............................  
[2023-11-07 21:52:03] local.INFO: ............. Job Processing:: App\Notifications\Customer\Registered .................  
[2023-11-07 21:52:03] local.INFO: array (
  'payload' => 
  array (
    'uuid' => '19b5dbb3-7d8f-4bec-8388-9545591edc20',
    'displayName' => 'App\\Notifications\\Customer\\Registered',
    'job' => 'Illuminate\\Queue\\CallQueuedHandler@call',
    'maxTries' => NULL,
    'maxExceptions' => NULL,
    'failOnTimeout' => false,
    'backoff' => NULL,
    'timeout' => NULL,
    'retryUntil' => NULL,
    'data' => 
    array (
      'commandName' => 'Illuminate\\Notifications\\SendQueuedNotifications',
      'command' => 'O:48:"Illuminate\\Notifications\\SendQueuedNotifications":16:{s:11:"notifiables";O:45:"Illuminate\\Contracts\\Database\\ModelIdentifier":4:{s:5:"class";s:15:"App\\Models\\User";s:2:"id";a:1:{i:0;i:1;}s:9:"relations";a:0:{}s:10:"connection";s:5:"mysql";}s:12:"notification";O:37:"App\\Notifications\\Customer\\Registered":12:{s:8:"customer";O:45:"Illuminate\\Contracts\\Database\\ModelIdentifier":4:{s:5:"class";s:19:"App\\Models\\Customer";s:2:"id";i:395;s:9:"relations";a:0:{}s:10:"connection";s:5:"mysql";}s:2:"id";s:36:"0e67a69e-4624-4896-900f-7b52c2d08960";s:6:"locale";N;s:10:"connection";N;s:5:"queue";N;s:15:"chainConnection";N;s:10:"chainQueue";N;s:19:"chainCatchCallbacks";N;s:5:"delay";N;s:11:"afterCommit";N;s:10:"middleware";a:0:{}s:7:"chained";a:0:{}}s:8:"channels";a:1:{i:0;s:8:"database";}s:5:"tries";N;s:7:"timeout";N;s:17:"shouldBeEncrypted";b:0;s:3:"job";N;s:10:"connection";N;s:5:"queue";N;s:15:"chainConnection";N;s:10:"chainQueue";N;s:19:"chainCatchCallbacks";N;s:5:"delay";N;s:11:"afterCommit";N;s:10:"middleware";a:0:{}s:7:"chained";a:0:{}}',
    ),
  ),
)  
[2023-11-07 21:52:03] local.INFO: ......................... Job Processed Successfully .............................  
[2023-11-07 21:52:03] local.INFO: ............. Job Processing:: App\Notifications\Customer\Registered .................  
[2023-11-07 21:52:03] local.INFO: array (
  'payload' => 
  array (
    'uuid' => 'de186e94-42b2-4c88-b21f-3bf2de888471',
    'displayName' => 'App\\Notifications\\Customer\\Registered',
    'job' => 'Illuminate\\Queue\\CallQueuedHandler@call',
    'maxTries' => NULL,
    'maxExceptions' => NULL,
    'failOnTimeout' => false,
    'backoff' => NULL,
    'timeout' => NULL,
    'retryUntil' => NULL,
    'data' => 
    array (
      'commandName' => 'Illuminate\\Notifications\\SendQueuedNotifications',
      'command' => 'O:48:"Illuminate\\Notifications\\SendQueuedNotifications":16:{s:11:"notifiables";O:45:"Illuminate\\Contracts\\Database\\ModelIdentifier":4:{s:5:"class";s:15:"App\\Models\\User";s:2:"id";a:1:{i:0;i:2;}s:9:"relations";a:0:{}s:10:"connection";s:5:"mysql";}s:12:"notification";O:37:"App\\Notifications\\Customer\\Registered":12:{s:8:"customer";O:45:"Illuminate\\Contracts\\Database\\ModelIdentifier":4:{s:5:"class";s:19:"App\\Models\\Customer";s:2:"id";i:395;s:9:"relations";a:0:{}s:10:"connection";s:5:"mysql";}s:2:"id";s:36:"7cb302a1-9e23-4651-bb8e-c0e7e8fc9871";s:6:"locale";N;s:10:"connection";N;s:5:"queue";N;s:15:"chainConnection";N;s:10:"chainQueue";N;s:19:"chainCatchCallbacks";N;s:5:"delay";N;s:11:"afterCommit";N;s:10:"middleware";a:0:{}s:7:"chained";a:0:{}}s:8:"channels";a:1:{i:0;s:4:"mail";}s:5:"tries";N;s:7:"timeout";N;s:17:"shouldBeEncrypted";b:0;s:3:"job";N;s:10:"connection";N;s:5:"queue";N;s:15:"chainConnection";N;s:10:"chainQueue";N;s:19:"chainCatchCallbacks";N;s:5:"delay";N;s:11:"afterCommit";N;s:10:"middleware";a:0:{}s:7:"chained";a:0:{}}',
    ),
  ),
)  
[2023-11-07 21:52:03] local.INFO: ......................... Job Processed Successfully .............................  
[2023-11-07 21:52:03] local.INFO: ............. Job Processing:: App\Notifications\Customer\Registered .................  
[2023-11-07 21:52:03] local.INFO: array (
  'payload' => 
  array (
    'uuid' => '2441de58-b683-4f42-bbad-b843a9c1336f',
    'displayName' => 'App\\Notifications\\Customer\\Registered',
    'job' => 'Illuminate\\Queue\\CallQueuedHandler@call',
    'maxTries' => NULL,
    'maxExceptions' => NULL,
    'failOnTimeout' => false,
    'backoff' => NULL,
    'timeout' => NULL,
    'retryUntil' => NULL,
    'data' => 
    array (
      'commandName' => 'Illuminate\\Notifications\\SendQueuedNotifications',
      'command' => 'O:48:"Illuminate\\Notifications\\SendQueuedNotifications":16:{s:11:"notifiables";O:45:"Illuminate\\Contracts\\Database\\ModelIdentifier":4:{s:5:"class";s:15:"App\\Models\\User";s:2:"id";a:1:{i:0;i:2;}s:9:"relations";a:0:{}s:10:"connection";s:5:"mysql";}s:12:"notification";O:37:"App\\Notifications\\Customer\\Registered":12:{s:8:"customer";O:45:"Illuminate\\Contracts\\Database\\ModelIdentifier":4:{s:5:"class";s:19:"App\\Models\\Customer";s:2:"id";i:395;s:9:"relations";a:0:{}s:10:"connection";s:5:"mysql";}s:2:"id";s:36:"7cb302a1-9e23-4651-bb8e-c0e7e8fc9871";s:6:"locale";N;s:10:"connection";N;s:5:"queue";N;s:15:"chainConnection";N;s:10:"chainQueue";N;s:19:"chainCatchCallbacks";N;s:5:"delay";N;s:11:"afterCommit";N;s:10:"middleware";a:0:{}s:7:"chained";a:0:{}}s:8:"channels";a:1:{i:0;s:8:"database";}s:5:"tries";N;s:7:"timeout";N;s:17:"shouldBeEncrypted";b:0;s:3:"job";N;s:10:"connection";N;s:5:"queue";N;s:15:"chainConnection";N;s:10:"chainQueue";N;s:19:"chainCatchCallbacks";N;s:5:"delay";N;s:11:"afterCommit";N;s:10:"middleware";a:0:{}s:7:"chained";a:0:{}}',
    ),
  ),
)  
[2023-11-07 21:52:03] local.INFO: ......................... Job Processed Successfully .............................  
[2023-11-07 21:52:03] local.INFO: ............. Job Processing:: App\Notifications\Customer\Registered .................  
[2023-11-07 21:52:03] local.INFO: array (
  'payload' => 
  array (
    'uuid' => 'b654f574-a291-4202-9c0f-d789c20f364d',
    'displayName' => 'App\\Notifications\\Customer\\Registered',
    'job' => 'Illuminate\\Queue\\CallQueuedHandler@call',
    'maxTries' => NULL,
    'maxExceptions' => NULL,
    'failOnTimeout' => false,
    'backoff' => NULL,
    'timeout' => NULL,
    'retryUntil' => NULL,
    'data' => 
    array (
      'commandName' => 'Illuminate\\Notifications\\SendQueuedNotifications',
      'command' => 'O:48:"Illuminate\\Notifications\\SendQueuedNotifications":16:{s:11:"notifiables";O:45:"Illuminate\\Contracts\\Database\\ModelIdentifier":4:{s:5:"class";s:15:"App\\Models\\User";s:2:"id";a:1:{i:0;i:3;}s:9:"relations";a:0:{}s:10:"connection";s:5:"mysql";}s:12:"notification";O:37:"App\\Notifications\\Customer\\Registered":12:{s:8:"customer";O:45:"Illuminate\\Contracts\\Database\\ModelIdentifier":4:{s:5:"class";s:19:"App\\Models\\Customer";s:2:"id";i:395;s:9:"relations";a:0:{}s:10:"connection";s:5:"mysql";}s:2:"id";s:36:"c01c50f1-5b02-4231-81d2-36543aec8718";s:6:"locale";N;s:10:"connection";N;s:5:"queue";N;s:15:"chainConnection";N;s:10:"chainQueue";N;s:19:"chainCatchCallbacks";N;s:5:"delay";N;s:11:"afterCommit";N;s:10:"middleware";a:0:{}s:7:"chained";a:0:{}}s:8:"channels";a:1:{i:0;s:4:"mail";}s:5:"tries";N;s:7:"timeout";N;s:17:"shouldBeEncrypted";b:0;s:3:"job";N;s:10:"connection";N;s:5:"queue";N;s:15:"chainConnection";N;s:10:"chainQueue";N;s:19:"chainCatchCallbacks";N;s:5:"delay";N;s:11:"afterCommit";N;s:10:"middleware";a:0:{}s:7:"chained";a:0:{}}',
    ),
  ),
)  
[2023-11-07 21:52:03] local.INFO: ......................... Job Processed Successfully .............................  
[2023-11-07 21:52:03] local.INFO: ............. Job Processing:: App\Notifications\Customer\Registered .................  
[2023-11-07 21:52:03] local.INFO: array (
  'payload' => 
  array (
    'uuid' => '614fd383-ea1e-4ab0-b3f4-f5c2d005955b',
    'displayName' => 'App\\Notifications\\Customer\\Registered',
    'job' => 'Illuminate\\Queue\\CallQueuedHandler@call',
    'maxTries' => NULL,
    'maxExceptions' => NULL,
    'failOnTimeout' => false,
    'backoff' => NULL,
    'timeout' => NULL,
    'retryUntil' => NULL,
    'data' => 
    array (
      'commandName' => 'Illuminate\\Notifications\\SendQueuedNotifications',
      'command' => 'O:48:"Illuminate\\Notifications\\SendQueuedNotifications":16:{s:11:"notifiables";O:45:"Illuminate\\Contracts\\Database\\ModelIdentifier":4:{s:5:"class";s:15:"App\\Models\\User";s:2:"id";a:1:{i:0;i:3;}s:9:"relations";a:0:{}s:10:"connection";s:5:"mysql";}s:12:"notification";O:37:"App\\Notifications\\Customer\\Registered":12:{s:8:"customer";O:45:"Illuminate\\Contracts\\Database\\ModelIdentifier":4:{s:5:"class";s:19:"App\\Models\\Customer";s:2:"id";i:395;s:9:"relations";a:0:{}s:10:"connection";s:5:"mysql";}s:2:"id";s:36:"c01c50f1-5b02-4231-81d2-36543aec8718";s:6:"locale";N;s:10:"connection";N;s:5:"queue";N;s:15:"chainConnection";N;s:10:"chainQueue";N;s:19:"chainCatchCallbacks";N;s:5:"delay";N;s:11:"afterCommit";N;s:10:"middleware";a:0:{}s:7:"chained";a:0:{}}s:8:"channels";a:1:{i:0;s:8:"database";}s:5:"tries";N;s:7:"timeout";N;s:17:"shouldBeEncrypted";b:0;s:3:"job";N;s:10:"connection";N;s:5:"queue";N;s:15:"chainConnection";N;s:10:"chainQueue";N;s:19:"chainCatchCallbacks";N;s:5:"delay";N;s:11:"afterCommit";N;s:10:"middleware";a:0:{}s:7:"chained";a:0:{}}',
    ),
  ),
)  
[2023-11-07 21:52:03] local.INFO: ......................... Job Processed Successfully .............................  
[2023-11-07 21:52:03] local.INFO: ............. Job Processing:: App\Notifications\Customer\Registered .................  
[2023-11-07 21:52:03] local.INFO: array (
  'payload' => 
  array (
    'uuid' => 'fd82fb57-d12a-474f-8544-a2f02d6e61d6',
    'displayName' => 'App\\Notifications\\Customer\\Registered',
    'job' => 'Illuminate\\Queue\\CallQueuedHandler@call',
    'maxTries' => NULL,
    'maxExceptions' => NULL,
    'failOnTimeout' => false,
    'backoff' => NULL,
    'timeout' => NULL,
    'retryUntil' => NULL,
    'data' => 
    array (
      'commandName' => 'Illuminate\\Notifications\\SendQueuedNotifications',
      'command' => 'O:48:"Illuminate\\Notifications\\SendQueuedNotifications":16:{s:11:"notifiables";O:45:"Illuminate\\Contracts\\Database\\ModelIdentifier":4:{s:5:"class";s:15:"App\\Models\\User";s:2:"id";a:1:{i:0;i:4;}s:9:"relations";a:0:{}s:10:"connection";s:5:"mysql";}s:12:"notification";O:37:"App\\Notifications\\Customer\\Registered":12:{s:8:"customer";O:45:"Illuminate\\Contracts\\Database\\ModelIdentifier":4:{s:5:"class";s:19:"App\\Models\\Customer";s:2:"id";i:395;s:9:"relations";a:0:{}s:10:"connection";s:5:"mysql";}s:2:"id";s:36:"e199a993-31fb-4273-a1e3-b4ef801a897a";s:6:"locale";N;s:10:"connection";N;s:5:"queue";N;s:15:"chainConnection";N;s:10:"chainQueue";N;s:19:"chainCatchCallbacks";N;s:5:"delay";N;s:11:"afterCommit";N;s:10:"middleware";a:0:{}s:7:"chained";a:0:{}}s:8:"channels";a:1:{i:0;s:4:"mail";}s:5:"tries";N;s:7:"timeout";N;s:17:"shouldBeEncrypted";b:0;s:3:"job";N;s:10:"connection";N;s:5:"queue";N;s:15:"chainConnection";N;s:10:"chainQueue";N;s:19:"chainCatchCallbacks";N;s:5:"delay";N;s:11:"afterCommit";N;s:10:"middleware";a:0:{}s:7:"chained";a:0:{}}',
    ),
  ),
)  
[2023-11-07 21:52:03] local.INFO: ......................... Job Processed Successfully .............................  
[2023-11-07 21:52:03] local.INFO: ............. Job Processing:: App\Notifications\Customer\Registered .................  
[2023-11-07 21:52:03] local.INFO: array (
  'payload' => 
  array (
    'uuid' => 'ff170247-3816-421d-9567-209fe0fe2cb7',
    'displayName' => 'App\\Notifications\\Customer\\Registered',
    'job' => 'Illuminate\\Queue\\CallQueuedHandler@call',
    'maxTries' => NULL,
    'maxExceptions' => NULL,
    'failOnTimeout' => false,
    'backoff' => NULL,
    'timeout' => NULL,
    'retryUntil' => NULL,
    'data' => 
    array (
      'commandName' => 'Illuminate\\Notifications\\SendQueuedNotifications',
      'command' => 'O:48:"Illuminate\\Notifications\\SendQueuedNotifications":16:{s:11:"notifiables";O:45:"Illuminate\\Contracts\\Database\\ModelIdentifier":4:{s:5:"class";s:15:"App\\Models\\User";s:2:"id";a:1:{i:0;i:4;}s:9:"relations";a:0:{}s:10:"connection";s:5:"mysql";}s:12:"notification";O:37:"App\\Notifications\\Customer\\Registered":12:{s:8:"customer";O:45:"Illuminate\\Contracts\\Database\\ModelIdentifier":4:{s:5:"class";s:19:"App\\Models\\Customer";s:2:"id";i:395;s:9:"relations";a:0:{}s:10:"connection";s:5:"mysql";}s:2:"id";s:36:"e199a993-31fb-4273-a1e3-b4ef801a897a";s:6:"locale";N;s:10:"connection";N;s:5:"queue";N;s:15:"chainConnection";N;s:10:"chainQueue";N;s:19:"chainCatchCallbacks";N;s:5:"delay";N;s:11:"afterCommit";N;s:10:"middleware";a:0:{}s:7:"chained";a:0:{}}s:8:"channels";a:1:{i:0;s:8:"database";}s:5:"tries";N;s:7:"timeout";N;s:17:"shouldBeEncrypted";b:0;s:3:"job";N;s:10:"connection";N;s:5:"queue";N;s:15:"chainConnection";N;s:10:"chainQueue";N;s:19:"chainCatchCallbacks";N;s:5:"delay";N;s:11:"afterCommit";N;s:10:"middleware";a:0:{}s:7:"chained";a:0:{}}',
    ),
  ),
)  
[2023-11-07 21:52:03] local.INFO: ......................... Job Processed Successfully .............................  
[2023-11-07 21:52:03] local.INFO: ............. Job Processing:: App\Notifications\Customer\Registered .................  
[2023-11-07 21:52:03] local.INFO: array (
  'payload' => 
  array (
    'uuid' => '3e5379d0-7e4a-4822-80ff-fbec7f58c2ac',
    'displayName' => 'App\\Notifications\\Customer\\Registered',
    'job' => 'Illuminate\\Queue\\CallQueuedHandler@call',
    'maxTries' => NULL,
    'maxExceptions' => NULL,
    'failOnTimeout' => false,
    'backoff' => NULL,
    'timeout' => NULL,
    'retryUntil' => NULL,
    'data' => 
    array (
      'commandName' => 'Illuminate\\Notifications\\SendQueuedNotifications',
      'command' => 'O:48:"Illuminate\\Notifications\\SendQueuedNotifications":16:{s:11:"notifiables";O:45:"Illuminate\\Contracts\\Database\\ModelIdentifier":4:{s:5:"class";s:15:"App\\Models\\User";s:2:"id";a:1:{i:0;i:10;}s:9:"relations";a:0:{}s:10:"connection";s:5:"mysql";}s:12:"notification";O:37:"App\\Notifications\\Customer\\Registered":12:{s:8:"customer";O:45:"Illuminate\\Contracts\\Database\\ModelIdentifier":4:{s:5:"class";s:19:"App\\Models\\Customer";s:2:"id";i:395;s:9:"relations";a:0:{}s:10:"connection";s:5:"mysql";}s:2:"id";s:36:"093b4f71-f1f2-41dc-b54a-6f43243c9b0f";s:6:"locale";N;s:10:"connection";N;s:5:"queue";N;s:15:"chainConnection";N;s:10:"chainQueue";N;s:19:"chainCatchCallbacks";N;s:5:"delay";N;s:11:"afterCommit";N;s:10:"middleware";a:0:{}s:7:"chained";a:0:{}}s:8:"channels";a:1:{i:0;s:4:"mail";}s:5:"tries";N;s:7:"timeout";N;s:17:"shouldBeEncrypted";b:0;s:3:"job";N;s:10:"connection";N;s:5:"queue";N;s:15:"chainConnection";N;s:10:"chainQueue";N;s:19:"chainCatchCallbacks";N;s:5:"delay";N;s:11:"afterCommit";N;s:10:"middleware";a:0:{}s:7:"chained";a:0:{}}',
    ),
  ),
)  
[2023-11-07 21:52:03] local.INFO: ......................... Job Processed Successfully .............................  
[2023-11-07 21:52:03] local.INFO: ............. Job Processing:: App\Notifications\Customer\Registered .................  
[2023-11-07 21:52:03] local.INFO: array (
  'payload' => 
  array (
    'uuid' => '594c68b0-f612-47b0-8973-842794af2692',
    'displayName' => 'App\\Notifications\\Customer\\Registered',
    'job' => 'Illuminate\\Queue\\CallQueuedHandler@call',
    'maxTries' => NULL,
    'maxExceptions' => NULL,
    'failOnTimeout' => false,
    'backoff' => NULL,
    'timeout' => NULL,
    'retryUntil' => NULL,
    'data' => 
    array (
      'commandName' => 'Illuminate\\Notifications\\SendQueuedNotifications',
      'command' => 'O:48:"Illuminate\\Notifications\\SendQueuedNotifications":16:{s:11:"notifiables";O:45:"Illuminate\\Contracts\\Database\\ModelIdentifier":4:{s:5:"class";s:15:"App\\Models\\User";s:2:"id";a:1:{i:0;i:10;}s:9:"relations";a:0:{}s:10:"connection";s:5:"mysql";}s:12:"notification";O:37:"App\\Notifications\\Customer\\Registered":12:{s:8:"customer";O:45:"Illuminate\\Contracts\\Database\\ModelIdentifier":4:{s:5:"class";s:19:"App\\Models\\Customer";s:2:"id";i:395;s:9:"relations";a:0:{}s:10:"connection";s:5:"mysql";}s:2:"id";s:36:"093b4f71-f1f2-41dc-b54a-6f43243c9b0f";s:6:"locale";N;s:10:"connection";N;s:5:"queue";N;s:15:"chainConnection";N;s:10:"chainQueue";N;s:19:"chainCatchCallbacks";N;s:5:"delay";N;s:11:"afterCommit";N;s:10:"middleware";a:0:{}s:7:"chained";a:0:{}}s:8:"channels";a:1:{i:0;s:8:"database";}s:5:"tries";N;s:7:"timeout";N;s:17:"shouldBeEncrypted";b:0;s:3:"job";N;s:10:"connection";N;s:5:"queue";N;s:15:"chainConnection";N;s:10:"chainQueue";N;s:19:"chainCatchCallbacks";N;s:5:"delay";N;s:11:"afterCommit";N;s:10:"middleware";a:0:{}s:7:"chained";a:0:{}}',
    ),
  ),
)  
[2023-11-07 21:52:03] local.INFO: ......................... Job Processed Successfully .............................  
[2023-11-07 21:52:03] local.INFO: ............. Job Processing:: App\Listeners\Customer\SendWelcomeEmail .................  
[2023-11-07 21:52:03] local.INFO: array (
  'payload' => 
  array (
    'uuid' => 'dd895d5d-63e5-477b-aa9b-21b482e6863a',
    'displayName' => 'App\\Listeners\\Customer\\SendWelcomeEmail',
    'job' => 'Illuminate\\Queue\\CallQueuedHandler@call',
    'maxTries' => 5,
    'maxExceptions' => NULL,
    'failOnTimeout' => false,
    'backoff' => NULL,
    'timeout' => NULL,
    'retryUntil' => NULL,
    'data' => 
    array (
      'commandName' => 'Illuminate\\Events\\CallQueuedListener',
      'command' => 'O:36:"Illuminate\\Events\\CallQueuedListener":19:{s:5:"class";s:39:"App\\Listeners\\Customer\\SendWelcomeEmail";s:6:"method";s:6:"handle";s:4:"data";a:1:{i:0;O:30:"App\\Events\\Customer\\Registered":1:{s:8:"customer";O:45:"Illuminate\\Contracts\\Database\\ModelIdentifier":4:{s:5:"class";s:19:"App\\Models\\Customer";s:2:"id";i:395;s:9:"relations";a:0:{}s:10:"connection";s:5:"mysql";}}}s:5:"tries";i:5;s:13:"maxExceptions";N;s:7:"backoff";N;s:10:"retryUntil";N;s:7:"timeout";N;s:17:"shouldBeEncrypted";b:0;s:3:"job";N;s:10:"connection";N;s:5:"queue";N;s:15:"chainConnection";N;s:10:"chainQueue";N;s:19:"chainCatchCallbacks";N;s:5:"delay";N;s:11:"afterCommit";N;s:10:"middleware";a:0:{}s:7:"chained";a:0:{}}',
    ),
  ),
)  
[2023-11-07 21:52:03] local.INFO: ............. Job Processing:: App\Notifications\Customer\Registered .................  
[2023-11-07 21:52:03] local.INFO: array (
  'payload' => 
  array (
    'uuid' => 'ec5891d6-ddd9-4f61-aa2e-86fa29009630',
    'displayName' => 'App\\Notifications\\Customer\\Registered',
    'job' => 'Illuminate\\Queue\\CallQueuedHandler@call',
    'maxTries' => NULL,
    'maxExceptions' => NULL,
    'failOnTimeout' => false,
    'backoff' => NULL,
    'timeout' => NULL,
    'retryUntil' => NULL,
    'data' => 
    array (
      'commandName' => 'Illuminate\\Notifications\\SendQueuedNotifications',
      'command' => 'O:48:"Illuminate\\Notifications\\SendQueuedNotifications":16:{s:11:"notifiables";O:45:"Illuminate\\Contracts\\Database\\ModelIdentifier":4:{s:5:"class";s:19:"App\\Models\\Customer";s:2:"id";a:1:{i:0;i:395;}s:9:"relations";a:0:{}s:10:"connection";s:5:"mysql";}s:12:"notification";O:37:"App\\Notifications\\Customer\\Registered":12:{s:8:"customer";O:45:"Illuminate\\Contracts\\Database\\ModelIdentifier":4:{s:5:"class";s:19:"App\\Models\\Customer";s:2:"id";i:395;s:9:"relations";a:0:{}s:10:"connection";s:5:"mysql";}s:2:"id";s:36:"0806f13b-2ea2-43a3-a0e4-91367a0b6b6e";s:6:"locale";N;s:10:"connection";N;s:5:"queue";N;s:15:"chainConnection";N;s:10:"chainQueue";N;s:19:"chainCatchCallbacks";N;s:5:"delay";N;s:11:"afterCommit";N;s:10:"middleware";a:0:{}s:7:"chained";a:0:{}}s:8:"channels";a:1:{i:0;s:4:"mail";}s:5:"tries";N;s:7:"timeout";N;s:17:"shouldBeEncrypted";b:0;s:3:"job";N;s:10:"connection";N;s:5:"queue";N;s:15:"chainConnection";N;s:10:"chainQueue";N;s:19:"chainCatchCallbacks";N;s:5:"delay";N;s:11:"afterCommit";N;s:10:"middleware";a:0:{}s:7:"chained";a:0:{}}',
    ),
  ),
)  
[2023-11-07 21:52:03] local.INFO: ......................... Job Processed Successfully .............................  
[2023-11-07 21:52:03] local.INFO: ............. Job Processing:: App\Notifications\Customer\Registered .................  
[2023-11-07 21:52:03] local.INFO: array (
  'payload' => 
  array (
    'uuid' => 'f0c2739f-119e-492d-8583-a7ddf2916104',
    'displayName' => 'App\\Notifications\\Customer\\Registered',
    'job' => 'Illuminate\\Queue\\CallQueuedHandler@call',
    'maxTries' => NULL,
    'maxExceptions' => NULL,
    'failOnTimeout' => false,
    'backoff' => NULL,
    'timeout' => NULL,
    'retryUntil' => NULL,
    'data' => 
    array (
      'commandName' => 'Illuminate\\Notifications\\SendQueuedNotifications',
      'command' => 'O:48:"Illuminate\\Notifications\\SendQueuedNotifications":16:{s:11:"notifiables";O:45:"Illuminate\\Contracts\\Database\\ModelIdentifier":4:{s:5:"class";s:19:"App\\Models\\Customer";s:2:"id";a:1:{i:0;i:395;}s:9:"relations";a:0:{}s:10:"connection";s:5:"mysql";}s:12:"notification";O:37:"App\\Notifications\\Customer\\Registered":12:{s:8:"customer";O:45:"Illuminate\\Contracts\\Database\\ModelIdentifier":4:{s:5:"class";s:19:"App\\Models\\Customer";s:2:"id";i:395;s:9:"relations";a:0:{}s:10:"connection";s:5:"mysql";}s:2:"id";s:36:"0806f13b-2ea2-43a3-a0e4-91367a0b6b6e";s:6:"locale";N;s:10:"connection";N;s:5:"queue";N;s:15:"chainConnection";N;s:10:"chainQueue";N;s:19:"chainCatchCallbacks";N;s:5:"delay";N;s:11:"afterCommit";N;s:10:"middleware";a:0:{}s:7:"chained";a:0:{}}s:8:"channels";a:1:{i:0;s:8:"database";}s:5:"tries";N;s:7:"timeout";N;s:17:"shouldBeEncrypted";b:0;s:3:"job";N;s:10:"connection";N;s:5:"queue";N;s:15:"chainConnection";N;s:10:"chainQueue";N;s:19:"chainCatchCallbacks";N;s:5:"delay";N;s:11:"afterCommit";N;s:10:"middleware";a:0:{}s:7:"chained";a:0:{}}',
    ),
  ),
)  
[2023-11-07 21:52:03] local.INFO: ......................... Job Processed Successfully .............................  
[2023-11-07 21:52:03] local.INFO: ......................... Job Processed Successfully .............................  
[2023-11-07 21:52:03] local.INFO: ............. Job Processing:: App\Listeners\Customer\RegisterNewsletter .................  
[2023-11-07 21:52:03] local.INFO: array (
  'payload' => 
  array (
    'uuid' => 'd25c20bc-1d5d-4d14-948c-655042ed6695',
    'displayName' => 'App\\Listeners\\Customer\\RegisterNewsletter',
    'job' => 'Illuminate\\Queue\\CallQueuedHandler@call',
    'maxTries' => 5,
    'maxExceptions' => NULL,
    'failOnTimeout' => false,
    'backoff' => NULL,
    'timeout' => NULL,
    'retryUntil' => NULL,
    'data' => 
    array (
      'commandName' => 'Illuminate\\Events\\CallQueuedListener',
      'command' => 'O:36:"Illuminate\\Events\\CallQueuedListener":19:{s:5:"class";s:41:"App\\Listeners\\Customer\\RegisterNewsletter";s:6:"method";s:6:"handle";s:4:"data";a:1:{i:0;O:30:"App\\Events\\Customer\\Registered":1:{s:8:"customer";O:45:"Illuminate\\Contracts\\Database\\ModelIdentifier":4:{s:5:"class";s:19:"App\\Models\\Customer";s:2:"id";i:395;s:9:"relations";a:0:{}s:10:"connection";s:5:"mysql";}}}s:5:"tries";i:5;s:13:"maxExceptions";N;s:7:"backoff";N;s:10:"retryUntil";N;s:7:"timeout";N;s:17:"shouldBeEncrypted";b:0;s:3:"job";N;s:10:"connection";N;s:5:"queue";N;s:15:"chainConnection";N;s:10:"chainQueue";N;s:19:"chainCatchCallbacks";N;s:5:"delay";N;s:11:"afterCommit";N;s:10:"middleware";a:0:{}s:7:"chained";a:0:{}}',
    ),
  ),
)  
[2023-11-07 21:52:03] local.INFO: ......................... Job Processed Successfully .............................  
