[2023-11-09 22:12:06] local.INFO: ............. Job Processing:: App\Notifications\Customer\Registered .................  
[2023-11-09 22:12:06] local.INFO: array (
  'payload' => 
  array (
    'uuid' => '427fffce-6665-471b-ba8a-bf8526997f7b',
    'displayName' => 'App\\Notifications\\Customer\\Registered',
    'job' => 'Illuminate\\Queue\\CallQueuedHandler@call',
    'maxTries' => NULL,
    'maxExceptions' => NULL,
    'failOnTimeout' => false,
    'backoff' => NULL,
    'timeout' => NULL,
    'retryUntil' => NULL,
    'data' => 
    array (
      'commandName' => 'Illuminate\\Notifications\\SendQueuedNotifications',
      'command' => 'O:48:"Illuminate\\Notifications\\SendQueuedNotifications":16:{s:11:"notifiables";O:45:"Illuminate\\Contracts\\Database\\ModelIdentifier":4:{s:5:"class";s:15:"App\\Models\\User";s:2:"id";a:1:{i:0;i:1;}s:9:"relations";a:0:{}s:10:"connection";s:5:"mysql";}s:12:"notification";O:37:"App\\Notifications\\Customer\\Registered":12:{s:8:"customer";O:45:"Illuminate\\Contracts\\Database\\ModelIdentifier":4:{s:5:"class";s:19:"App\\Models\\Customer";s:2:"id";i:405;s:9:"relations";a:0:{}s:10:"connection";s:5:"mysql";}s:2:"id";s:36:"3ff317d2-435f-452c-9c96-d9c7ac9c09ce";s:6:"locale";N;s:10:"connection";N;s:5:"queue";N;s:15:"chainConnection";N;s:10:"chainQueue";N;s:19:"chainCatchCallbacks";N;s:5:"delay";N;s:11:"afterCommit";N;s:10:"middleware";a:0:{}s:7:"chained";a:0:{}}s:8:"channels";a:1:{i:0;s:4:"mail";}s:5:"tries";N;s:7:"timeout";N;s:17:"shouldBeEncrypted";b:0;s:3:"job";N;s:10:"connection";N;s:5:"queue";N;s:15:"chainConnection";N;s:10:"chainQueue";N;s:19:"chainCatchCallbacks";N;s:5:"delay";N;s:11:"afterCommit";N;s:10:"middleware";a:0:{}s:7:"chained";a:0:{}}',
    ),
  ),
)  
[2023-11-09 22:12:07] local.INFO: ......................... Job Processed Successfully .............................  
[2023-11-09 22:12:07] local.INFO: ............. Job Processing:: App\Notifications\Customer\Registered .................  
[2023-11-09 22:12:07] local.INFO: array (
  'payload' => 
  array (
    'uuid' => 'ac7c7f2d-33ab-4023-8820-6467f39c366f',
    'displayName' => 'App\\Notifications\\Customer\\Registered',
    'job' => 'Illuminate\\Queue\\CallQueuedHandler@call',
    'maxTries' => NULL,
    'maxExceptions' => NULL,
    'failOnTimeout' => false,
    'backoff' => NULL,
    'timeout' => NULL,
    'retryUntil' => NULL,
    'data' => 
    array (
      'commandName' => 'Illuminate\\Notifications\\SendQueuedNotifications',
      'command' => 'O:48:"Illuminate\\Notifications\\SendQueuedNotifications":16:{s:11:"notifiables";O:45:"Illuminate\\Contracts\\Database\\ModelIdentifier":4:{s:5:"class";s:15:"App\\Models\\User";s:2:"id";a:1:{i:0;i:1;}s:9:"relations";a:0:{}s:10:"connection";s:5:"mysql";}s:12:"notification";O:37:"App\\Notifications\\Customer\\Registered":12:{s:8:"customer";O:45:"Illuminate\\Contracts\\Database\\ModelIdentifier":4:{s:5:"class";s:19:"App\\Models\\Customer";s:2:"id";i:405;s:9:"relations";a:0:{}s:10:"connection";s:5:"mysql";}s:2:"id";s:36:"3ff317d2-435f-452c-9c96-d9c7ac9c09ce";s:6:"locale";N;s:10:"connection";N;s:5:"queue";N;s:15:"chainConnection";N;s:10:"chainQueue";N;s:19:"chainCatchCallbacks";N;s:5:"delay";N;s:11:"afterCommit";N;s:10:"middleware";a:0:{}s:7:"chained";a:0:{}}s:8:"channels";a:1:{i:0;s:8:"database";}s:5:"tries";N;s:7:"timeout";N;s:17:"shouldBeEncrypted";b:0;s:3:"job";N;s:10:"connection";N;s:5:"queue";N;s:15:"chainConnection";N;s:10:"chainQueue";N;s:19:"chainCatchCallbacks";N;s:5:"delay";N;s:11:"afterCommit";N;s:10:"middleware";a:0:{}s:7:"chained";a:0:{}}',
    ),
  ),
)  
[2023-11-09 22:12:07] local.INFO: ......................... Job Processed Successfully .............................  
[2023-11-09 22:12:07] local.INFO: ............. Job Processing:: App\Notifications\Customer\Registered .................  
[2023-11-09 22:12:07] local.INFO: array (
  'payload' => 
  array (
    'uuid' => '6bae243f-0bfd-472f-bf0f-3e9a09737c84',
    'displayName' => 'App\\Notifications\\Customer\\Registered',
    'job' => 'Illuminate\\Queue\\CallQueuedHandler@call',
    'maxTries' => NULL,
    'maxExceptions' => NULL,
    'failOnTimeout' => false,
    'backoff' => NULL,
    'timeout' => NULL,
    'retryUntil' => NULL,
    'data' => 
    array (
      'commandName' => 'Illuminate\\Notifications\\SendQueuedNotifications',
      'command' => 'O:48:"Illuminate\\Notifications\\SendQueuedNotifications":16:{s:11:"notifiables";O:45:"Illuminate\\Contracts\\Database\\ModelIdentifier":4:{s:5:"class";s:15:"App\\Models\\User";s:2:"id";a:1:{i:0;i:2;}s:9:"relations";a:0:{}s:10:"connection";s:5:"mysql";}s:12:"notification";O:37:"App\\Notifications\\Customer\\Registered":12:{s:8:"customer";O:45:"Illuminate\\Contracts\\Database\\ModelIdentifier":4:{s:5:"class";s:19:"App\\Models\\Customer";s:2:"id";i:405;s:9:"relations";a:0:{}s:10:"connection";s:5:"mysql";}s:2:"id";s:36:"444ddaf1-d21b-469b-a34b-7ebe3e4a4f24";s:6:"locale";N;s:10:"connection";N;s:5:"queue";N;s:15:"chainConnection";N;s:10:"chainQueue";N;s:19:"chainCatchCallbacks";N;s:5:"delay";N;s:11:"afterCommit";N;s:10:"middleware";a:0:{}s:7:"chained";a:0:{}}s:8:"channels";a:1:{i:0;s:4:"mail";}s:5:"tries";N;s:7:"timeout";N;s:17:"shouldBeEncrypted";b:0;s:3:"job";N;s:10:"connection";N;s:5:"queue";N;s:15:"chainConnection";N;s:10:"chainQueue";N;s:19:"chainCatchCallbacks";N;s:5:"delay";N;s:11:"afterCommit";N;s:10:"middleware";a:0:{}s:7:"chained";a:0:{}}',
    ),
  ),
)  
[2023-11-09 22:12:07] local.INFO: ......................... Job Processed Successfully .............................  
[2023-11-09 22:12:07] local.INFO: ............. Job Processing:: App\Notifications\Customer\Registered .................  
[2023-11-09 22:12:07] local.INFO: array (
  'payload' => 
  array (
    'uuid' => '3c0f27e7-4167-43c4-a37d-2bb0c83f6055',
    'displayName' => 'App\\Notifications\\Customer\\Registered',
    'job' => 'Illuminate\\Queue\\CallQueuedHandler@call',
    'maxTries' => NULL,
    'maxExceptions' => NULL,
    'failOnTimeout' => false,
    'backoff' => NULL,
    'timeout' => NULL,
    'retryUntil' => NULL,
    'data' => 
    array (
      'commandName' => 'Illuminate\\Notifications\\SendQueuedNotifications',
      'command' => 'O:48:"Illuminate\\Notifications\\SendQueuedNotifications":16:{s:11:"notifiables";O:45:"Illuminate\\Contracts\\Database\\ModelIdentifier":4:{s:5:"class";s:15:"App\\Models\\User";s:2:"id";a:1:{i:0;i:2;}s:9:"relations";a:0:{}s:10:"connection";s:5:"mysql";}s:12:"notification";O:37:"App\\Notifications\\Customer\\Registered":12:{s:8:"customer";O:45:"Illuminate\\Contracts\\Database\\ModelIdentifier":4:{s:5:"class";s:19:"App\\Models\\Customer";s:2:"id";i:405;s:9:"relations";a:0:{}s:10:"connection";s:5:"mysql";}s:2:"id";s:36:"444ddaf1-d21b-469b-a34b-7ebe3e4a4f24";s:6:"locale";N;s:10:"connection";N;s:5:"queue";N;s:15:"chainConnection";N;s:10:"chainQueue";N;s:19:"chainCatchCallbacks";N;s:5:"delay";N;s:11:"afterCommit";N;s:10:"middleware";a:0:{}s:7:"chained";a:0:{}}s:8:"channels";a:1:{i:0;s:8:"database";}s:5:"tries";N;s:7:"timeout";N;s:17:"shouldBeEncrypted";b:0;s:3:"job";N;s:10:"connection";N;s:5:"queue";N;s:15:"chainConnection";N;s:10:"chainQueue";N;s:19:"chainCatchCallbacks";N;s:5:"delay";N;s:11:"afterCommit";N;s:10:"middleware";a:0:{}s:7:"chained";a:0:{}}',
    ),
  ),
)  
[2023-11-09 22:12:07] local.INFO: ......................... Job Processed Successfully .............................  
[2023-11-09 22:12:07] local.INFO: ............. Job Processing:: App\Notifications\Customer\Registered .................  
[2023-11-09 22:12:07] local.INFO: array (
  'payload' => 
  array (
    'uuid' => 'da7f4e48-e4f4-4d8f-a4bf-3cfce22d3095',
    'displayName' => 'App\\Notifications\\Customer\\Registered',
    'job' => 'Illuminate\\Queue\\CallQueuedHandler@call',
    'maxTries' => NULL,
    'maxExceptions' => NULL,
    'failOnTimeout' => false,
    'backoff' => NULL,
    'timeout' => NULL,
    'retryUntil' => NULL,
    'data' => 
    array (
      'commandName' => 'Illuminate\\Notifications\\SendQueuedNotifications',
      'command' => 'O:48:"Illuminate\\Notifications\\SendQueuedNotifications":16:{s:11:"notifiables";O:45:"Illuminate\\Contracts\\Database\\ModelIdentifier":4:{s:5:"class";s:15:"App\\Models\\User";s:2:"id";a:1:{i:0;i:3;}s:9:"relations";a:0:{}s:10:"connection";s:5:"mysql";}s:12:"notification";O:37:"App\\Notifications\\Customer\\Registered":12:{s:8:"customer";O:45:"Illuminate\\Contracts\\Database\\ModelIdentifier":4:{s:5:"class";s:19:"App\\Models\\Customer";s:2:"id";i:405;s:9:"relations";a:0:{}s:10:"connection";s:5:"mysql";}s:2:"id";s:36:"a78fbad1-bed5-4425-987f-d20a5d18999d";s:6:"locale";N;s:10:"connection";N;s:5:"queue";N;s:15:"chainConnection";N;s:10:"chainQueue";N;s:19:"chainCatchCallbacks";N;s:5:"delay";N;s:11:"afterCommit";N;s:10:"middleware";a:0:{}s:7:"chained";a:0:{}}s:8:"channels";a:1:{i:0;s:4:"mail";}s:5:"tries";N;s:7:"timeout";N;s:17:"shouldBeEncrypted";b:0;s:3:"job";N;s:10:"connection";N;s:5:"queue";N;s:15:"chainConnection";N;s:10:"chainQueue";N;s:19:"chainCatchCallbacks";N;s:5:"delay";N;s:11:"afterCommit";N;s:10:"middleware";a:0:{}s:7:"chained";a:0:{}}',
    ),
  ),
)  
[2023-11-09 22:12:07] local.INFO: ......................... Job Processed Successfully .............................  
[2023-11-09 22:12:07] local.INFO: ............. Job Processing:: App\Notifications\Customer\Registered .................  
[2023-11-09 22:12:07] local.INFO: array (
  'payload' => 
  array (
    'uuid' => '6a6c0fc6-581c-4c26-9a51-ffce1fc7d48c',
    'displayName' => 'App\\Notifications\\Customer\\Registered',
    'job' => 'Illuminate\\Queue\\CallQueuedHandler@call',
    'maxTries' => NULL,
    'maxExceptions' => NULL,
    'failOnTimeout' => false,
    'backoff' => NULL,
    'timeout' => NULL,
    'retryUntil' => NULL,
    'data' => 
    array (
      'commandName' => 'Illuminate\\Notifications\\SendQueuedNotifications',
      'command' => 'O:48:"Illuminate\\Notifications\\SendQueuedNotifications":16:{s:11:"notifiables";O:45:"Illuminate\\Contracts\\Database\\ModelIdentifier":4:{s:5:"class";s:15:"App\\Models\\User";s:2:"id";a:1:{i:0;i:3;}s:9:"relations";a:0:{}s:10:"connection";s:5:"mysql";}s:12:"notification";O:37:"App\\Notifications\\Customer\\Registered":12:{s:8:"customer";O:45:"Illuminate\\Contracts\\Database\\ModelIdentifier":4:{s:5:"class";s:19:"App\\Models\\Customer";s:2:"id";i:405;s:9:"relations";a:0:{}s:10:"connection";s:5:"mysql";}s:2:"id";s:36:"a78fbad1-bed5-4425-987f-d20a5d18999d";s:6:"locale";N;s:10:"connection";N;s:5:"queue";N;s:15:"chainConnection";N;s:10:"chainQueue";N;s:19:"chainCatchCallbacks";N;s:5:"delay";N;s:11:"afterCommit";N;s:10:"middleware";a:0:{}s:7:"chained";a:0:{}}s:8:"channels";a:1:{i:0;s:8:"database";}s:5:"tries";N;s:7:"timeout";N;s:17:"shouldBeEncrypted";b:0;s:3:"job";N;s:10:"connection";N;s:5:"queue";N;s:15:"chainConnection";N;s:10:"chainQueue";N;s:19:"chainCatchCallbacks";N;s:5:"delay";N;s:11:"afterCommit";N;s:10:"middleware";a:0:{}s:7:"chained";a:0:{}}',
    ),
  ),
)  
[2023-11-09 22:12:07] local.INFO: ......................... Job Processed Successfully .............................  
[2023-11-09 22:12:07] local.INFO: ............. Job Processing:: App\Notifications\Customer\Registered .................  
[2023-11-09 22:12:07] local.INFO: array (
  'payload' => 
  array (
    'uuid' => '83ff6c76-b5f1-4d6e-a3c6-d00c63832fb2',
    'displayName' => 'App\\Notifications\\Customer\\Registered',
    'job' => 'Illuminate\\Queue\\CallQueuedHandler@call',
    'maxTries' => NULL,
    'maxExceptions' => NULL,
    'failOnTimeout' => false,
    'backoff' => NULL,
    'timeout' => NULL,
    'retryUntil' => NULL,
    'data' => 
    array (
      'commandName' => 'Illuminate\\Notifications\\SendQueuedNotifications',
      'command' => 'O:48:"Illuminate\\Notifications\\SendQueuedNotifications":16:{s:11:"notifiables";O:45:"Illuminate\\Contracts\\Database\\ModelIdentifier":4:{s:5:"class";s:15:"App\\Models\\User";s:2:"id";a:1:{i:0;i:4;}s:9:"relations";a:0:{}s:10:"connection";s:5:"mysql";}s:12:"notification";O:37:"App\\Notifications\\Customer\\Registered":12:{s:8:"customer";O:45:"Illuminate\\Contracts\\Database\\ModelIdentifier":4:{s:5:"class";s:19:"App\\Models\\Customer";s:2:"id";i:405;s:9:"relations";a:0:{}s:10:"connection";s:5:"mysql";}s:2:"id";s:36:"7442aac5-6ed3-4cac-920b-bc006097e85d";s:6:"locale";N;s:10:"connection";N;s:5:"queue";N;s:15:"chainConnection";N;s:10:"chainQueue";N;s:19:"chainCatchCallbacks";N;s:5:"delay";N;s:11:"afterCommit";N;s:10:"middleware";a:0:{}s:7:"chained";a:0:{}}s:8:"channels";a:1:{i:0;s:4:"mail";}s:5:"tries";N;s:7:"timeout";N;s:17:"shouldBeEncrypted";b:0;s:3:"job";N;s:10:"connection";N;s:5:"queue";N;s:15:"chainConnection";N;s:10:"chainQueue";N;s:19:"chainCatchCallbacks";N;s:5:"delay";N;s:11:"afterCommit";N;s:10:"middleware";a:0:{}s:7:"chained";a:0:{}}',
    ),
  ),
)  
[2023-11-09 22:12:07] local.INFO: ......................... Job Processed Successfully .............................  
[2023-11-09 22:12:07] local.INFO: ............. Job Processing:: App\Notifications\Customer\Registered .................  
[2023-11-09 22:12:07] local.INFO: array (
  'payload' => 
  array (
    'uuid' => '3c29fc0c-495a-43e1-ae00-9fb3425d03bb',
    'displayName' => 'App\\Notifications\\Customer\\Registered',
    'job' => 'Illuminate\\Queue\\CallQueuedHandler@call',
    'maxTries' => NULL,
    'maxExceptions' => NULL,
    'failOnTimeout' => false,
    'backoff' => NULL,
    'timeout' => NULL,
    'retryUntil' => NULL,
    'data' => 
    array (
      'commandName' => 'Illuminate\\Notifications\\SendQueuedNotifications',
      'command' => 'O:48:"Illuminate\\Notifications\\SendQueuedNotifications":16:{s:11:"notifiables";O:45:"Illuminate\\Contracts\\Database\\ModelIdentifier":4:{s:5:"class";s:15:"App\\Models\\User";s:2:"id";a:1:{i:0;i:4;}s:9:"relations";a:0:{}s:10:"connection";s:5:"mysql";}s:12:"notification";O:37:"App\\Notifications\\Customer\\Registered":12:{s:8:"customer";O:45:"Illuminate\\Contracts\\Database\\ModelIdentifier":4:{s:5:"class";s:19:"App\\Models\\Customer";s:2:"id";i:405;s:9:"relations";a:0:{}s:10:"connection";s:5:"mysql";}s:2:"id";s:36:"7442aac5-6ed3-4cac-920b-bc006097e85d";s:6:"locale";N;s:10:"connection";N;s:5:"queue";N;s:15:"chainConnection";N;s:10:"chainQueue";N;s:19:"chainCatchCallbacks";N;s:5:"delay";N;s:11:"afterCommit";N;s:10:"middleware";a:0:{}s:7:"chained";a:0:{}}s:8:"channels";a:1:{i:0;s:8:"database";}s:5:"tries";N;s:7:"timeout";N;s:17:"shouldBeEncrypted";b:0;s:3:"job";N;s:10:"connection";N;s:5:"queue";N;s:15:"chainConnection";N;s:10:"chainQueue";N;s:19:"chainCatchCallbacks";N;s:5:"delay";N;s:11:"afterCommit";N;s:10:"middleware";a:0:{}s:7:"chained";a:0:{}}',
    ),
  ),
)  
[2023-11-09 22:12:07] local.INFO: ......................... Job Processed Successfully .............................  
[2023-11-09 22:12:07] local.INFO: ............. Job Processing:: App\Notifications\Customer\Registered .................  
[2023-11-09 22:12:07] local.INFO: array (
  'payload' => 
  array (
    'uuid' => '44f10b35-8e15-4d1e-86f7-0c39cbe94f24',
    'displayName' => 'App\\Notifications\\Customer\\Registered',
    'job' => 'Illuminate\\Queue\\CallQueuedHandler@call',
    'maxTries' => NULL,
    'maxExceptions' => NULL,
    'failOnTimeout' => false,
    'backoff' => NULL,
    'timeout' => NULL,
    'retryUntil' => NULL,
    'data' => 
    array (
      'commandName' => 'Illuminate\\Notifications\\SendQueuedNotifications',
      'command' => 'O:48:"Illuminate\\Notifications\\SendQueuedNotifications":16:{s:11:"notifiables";O:45:"Illuminate\\Contracts\\Database\\ModelIdentifier":4:{s:5:"class";s:15:"App\\Models\\User";s:2:"id";a:1:{i:0;i:10;}s:9:"relations";a:0:{}s:10:"connection";s:5:"mysql";}s:12:"notification";O:37:"App\\Notifications\\Customer\\Registered":12:{s:8:"customer";O:45:"Illuminate\\Contracts\\Database\\ModelIdentifier":4:{s:5:"class";s:19:"App\\Models\\Customer";s:2:"id";i:405;s:9:"relations";a:0:{}s:10:"connection";s:5:"mysql";}s:2:"id";s:36:"f6c639d0-3374-4b32-8522-c5561edd02fe";s:6:"locale";N;s:10:"connection";N;s:5:"queue";N;s:15:"chainConnection";N;s:10:"chainQueue";N;s:19:"chainCatchCallbacks";N;s:5:"delay";N;s:11:"afterCommit";N;s:10:"middleware";a:0:{}s:7:"chained";a:0:{}}s:8:"channels";a:1:{i:0;s:4:"mail";}s:5:"tries";N;s:7:"timeout";N;s:17:"shouldBeEncrypted";b:0;s:3:"job";N;s:10:"connection";N;s:5:"queue";N;s:15:"chainConnection";N;s:10:"chainQueue";N;s:19:"chainCatchCallbacks";N;s:5:"delay";N;s:11:"afterCommit";N;s:10:"middleware";a:0:{}s:7:"chained";a:0:{}}',
    ),
  ),
)  
[2023-11-09 22:12:07] local.INFO: ......................... Job Processed Successfully .............................  
[2023-11-09 22:12:07] local.INFO: ............. Job Processing:: App\Notifications\Customer\Registered .................  
[2023-11-09 22:12:07] local.INFO: array (
  'payload' => 
  array (
    'uuid' => 'a6d0527b-300e-485d-944b-8cdd481483c1',
    'displayName' => 'App\\Notifications\\Customer\\Registered',
    'job' => 'Illuminate\\Queue\\CallQueuedHandler@call',
    'maxTries' => NULL,
    'maxExceptions' => NULL,
    'failOnTimeout' => false,
    'backoff' => NULL,
    'timeout' => NULL,
    'retryUntil' => NULL,
    'data' => 
    array (
      'commandName' => 'Illuminate\\Notifications\\SendQueuedNotifications',
      'command' => 'O:48:"Illuminate\\Notifications\\SendQueuedNotifications":16:{s:11:"notifiables";O:45:"Illuminate\\Contracts\\Database\\ModelIdentifier":4:{s:5:"class";s:15:"App\\Models\\User";s:2:"id";a:1:{i:0;i:10;}s:9:"relations";a:0:{}s:10:"connection";s:5:"mysql";}s:12:"notification";O:37:"App\\Notifications\\Customer\\Registered":12:{s:8:"customer";O:45:"Illuminate\\Contracts\\Database\\ModelIdentifier":4:{s:5:"class";s:19:"App\\Models\\Customer";s:2:"id";i:405;s:9:"relations";a:0:{}s:10:"connection";s:5:"mysql";}s:2:"id";s:36:"f6c639d0-3374-4b32-8522-c5561edd02fe";s:6:"locale";N;s:10:"connection";N;s:5:"queue";N;s:15:"chainConnection";N;s:10:"chainQueue";N;s:19:"chainCatchCallbacks";N;s:5:"delay";N;s:11:"afterCommit";N;s:10:"middleware";a:0:{}s:7:"chained";a:0:{}}s:8:"channels";a:1:{i:0;s:8:"database";}s:5:"tries";N;s:7:"timeout";N;s:17:"shouldBeEncrypted";b:0;s:3:"job";N;s:10:"connection";N;s:5:"queue";N;s:15:"chainConnection";N;s:10:"chainQueue";N;s:19:"chainCatchCallbacks";N;s:5:"delay";N;s:11:"afterCommit";N;s:10:"middleware";a:0:{}s:7:"chained";a:0:{}}',
    ),
  ),
)  
[2023-11-09 22:12:07] local.INFO: ......................... Job Processed Successfully .............................  
[2023-11-09 22:12:07] local.INFO: ............. Job Processing:: App\Listeners\Customer\SendWelcomeEmail .................  
[2023-11-09 22:12:07] local.INFO: array (
  'payload' => 
  array (
    'uuid' => '7d574e2a-2d99-4498-b3d9-cd25d5bafbf3',
    'displayName' => 'App\\Listeners\\Customer\\SendWelcomeEmail',
    'job' => 'Illuminate\\Queue\\CallQueuedHandler@call',
    'maxTries' => 5,
    'maxExceptions' => NULL,
    'failOnTimeout' => false,
    'backoff' => NULL,
    'timeout' => NULL,
    'retryUntil' => NULL,
    'data' => 
    array (
      'commandName' => 'Illuminate\\Events\\CallQueuedListener',
      'command' => 'O:36:"Illuminate\\Events\\CallQueuedListener":19:{s:5:"class";s:39:"App\\Listeners\\Customer\\SendWelcomeEmail";s:6:"method";s:6:"handle";s:4:"data";a:1:{i:0;O:30:"App\\Events\\Customer\\Registered":1:{s:8:"customer";O:45:"Illuminate\\Contracts\\Database\\ModelIdentifier":4:{s:5:"class";s:19:"App\\Models\\Customer";s:2:"id";i:405;s:9:"relations";a:0:{}s:10:"connection";s:5:"mysql";}}}s:5:"tries";i:5;s:13:"maxExceptions";N;s:7:"backoff";N;s:10:"retryUntil";N;s:7:"timeout";N;s:17:"shouldBeEncrypted";b:0;s:3:"job";N;s:10:"connection";N;s:5:"queue";N;s:15:"chainConnection";N;s:10:"chainQueue";N;s:19:"chainCatchCallbacks";N;s:5:"delay";N;s:11:"afterCommit";N;s:10:"middleware";a:0:{}s:7:"chained";a:0:{}}',
    ),
  ),
)  
[2023-11-09 22:12:07] local.INFO: ............. Job Processing:: App\Notifications\Customer\Registered .................  
[2023-11-09 22:12:07] local.INFO: array (
  'payload' => 
  array (
    'uuid' => '6ca602a9-598c-48bd-b494-d2b5ad2fdaa6',
    'displayName' => 'App\\Notifications\\Customer\\Registered',
    'job' => 'Illuminate\\Queue\\CallQueuedHandler@call',
    'maxTries' => NULL,
    'maxExceptions' => NULL,
    'failOnTimeout' => false,
    'backoff' => NULL,
    'timeout' => NULL,
    'retryUntil' => NULL,
    'data' => 
    array (
      'commandName' => 'Illuminate\\Notifications\\SendQueuedNotifications',
      'command' => 'O:48:"Illuminate\\Notifications\\SendQueuedNotifications":16:{s:11:"notifiables";O:45:"Illuminate\\Contracts\\Database\\ModelIdentifier":4:{s:5:"class";s:19:"App\\Models\\Customer";s:2:"id";a:1:{i:0;i:405;}s:9:"relations";a:0:{}s:10:"connection";s:5:"mysql";}s:12:"notification";O:37:"App\\Notifications\\Customer\\Registered":12:{s:8:"customer";O:45:"Illuminate\\Contracts\\Database\\ModelIdentifier":4:{s:5:"class";s:19:"App\\Models\\Customer";s:2:"id";i:405;s:9:"relations";a:0:{}s:10:"connection";s:5:"mysql";}s:2:"id";s:36:"74493cab-858e-4c2a-ad19-db33bfeda418";s:6:"locale";N;s:10:"connection";N;s:5:"queue";N;s:15:"chainConnection";N;s:10:"chainQueue";N;s:19:"chainCatchCallbacks";N;s:5:"delay";N;s:11:"afterCommit";N;s:10:"middleware";a:0:{}s:7:"chained";a:0:{}}s:8:"channels";a:1:{i:0;s:4:"mail";}s:5:"tries";N;s:7:"timeout";N;s:17:"shouldBeEncrypted";b:0;s:3:"job";N;s:10:"connection";N;s:5:"queue";N;s:15:"chainConnection";N;s:10:"chainQueue";N;s:19:"chainCatchCallbacks";N;s:5:"delay";N;s:11:"afterCommit";N;s:10:"middleware";a:0:{}s:7:"chained";a:0:{}}',
    ),
  ),
)  
[2023-11-09 22:12:07] local.INFO: ......................... Job Processed Successfully .............................  
[2023-11-09 22:12:07] local.INFO: ............. Job Processing:: App\Notifications\Customer\Registered .................  
[2023-11-09 22:12:07] local.INFO: array (
  'payload' => 
  array (
    'uuid' => '2bc14aff-21b8-4640-9934-7484caa12f59',
    'displayName' => 'App\\Notifications\\Customer\\Registered',
    'job' => 'Illuminate\\Queue\\CallQueuedHandler@call',
    'maxTries' => NULL,
    'maxExceptions' => NULL,
    'failOnTimeout' => false,
    'backoff' => NULL,
    'timeout' => NULL,
    'retryUntil' => NULL,
    'data' => 
    array (
      'commandName' => 'Illuminate\\Notifications\\SendQueuedNotifications',
      'command' => 'O:48:"Illuminate\\Notifications\\SendQueuedNotifications":16:{s:11:"notifiables";O:45:"Illuminate\\Contracts\\Database\\ModelIdentifier":4:{s:5:"class";s:19:"App\\Models\\Customer";s:2:"id";a:1:{i:0;i:405;}s:9:"relations";a:0:{}s:10:"connection";s:5:"mysql";}s:12:"notification";O:37:"App\\Notifications\\Customer\\Registered":12:{s:8:"customer";O:45:"Illuminate\\Contracts\\Database\\ModelIdentifier":4:{s:5:"class";s:19:"App\\Models\\Customer";s:2:"id";i:405;s:9:"relations";a:0:{}s:10:"connection";s:5:"mysql";}s:2:"id";s:36:"74493cab-858e-4c2a-ad19-db33bfeda418";s:6:"locale";N;s:10:"connection";N;s:5:"queue";N;s:15:"chainConnection";N;s:10:"chainQueue";N;s:19:"chainCatchCallbacks";N;s:5:"delay";N;s:11:"afterCommit";N;s:10:"middleware";a:0:{}s:7:"chained";a:0:{}}s:8:"channels";a:1:{i:0;s:8:"database";}s:5:"tries";N;s:7:"timeout";N;s:17:"shouldBeEncrypted";b:0;s:3:"job";N;s:10:"connection";N;s:5:"queue";N;s:15:"chainConnection";N;s:10:"chainQueue";N;s:19:"chainCatchCallbacks";N;s:5:"delay";N;s:11:"afterCommit";N;s:10:"middleware";a:0:{}s:7:"chained";a:0:{}}',
    ),
  ),
)  
[2023-11-09 22:12:07] local.INFO: ......................... Job Processed Successfully .............................  
[2023-11-09 22:12:07] local.INFO: ......................... Job Processed Successfully .............................  
[2023-11-09 22:12:07] local.INFO: ............. Job Processing:: App\Listeners\Customer\RegisterNewsletter .................  
[2023-11-09 22:12:07] local.INFO: array (
  'payload' => 
  array (
    'uuid' => 'f16b565f-28af-4330-8a1e-6a33ebb0378a',
    'displayName' => 'App\\Listeners\\Customer\\RegisterNewsletter',
    'job' => 'Illuminate\\Queue\\CallQueuedHandler@call',
    'maxTries' => 5,
    'maxExceptions' => NULL,
    'failOnTimeout' => false,
    'backoff' => NULL,
    'timeout' => NULL,
    'retryUntil' => NULL,
    'data' => 
    array (
      'commandName' => 'Illuminate\\Events\\CallQueuedListener',
      'command' => 'O:36:"Illuminate\\Events\\CallQueuedListener":19:{s:5:"class";s:41:"App\\Listeners\\Customer\\RegisterNewsletter";s:6:"method";s:6:"handle";s:4:"data";a:1:{i:0;O:30:"App\\Events\\Customer\\Registered":1:{s:8:"customer";O:45:"Illuminate\\Contracts\\Database\\ModelIdentifier":4:{s:5:"class";s:19:"App\\Models\\Customer";s:2:"id";i:405;s:9:"relations";a:0:{}s:10:"connection";s:5:"mysql";}}}s:5:"tries";i:5;s:13:"maxExceptions";N;s:7:"backoff";N;s:10:"retryUntil";N;s:7:"timeout";N;s:17:"shouldBeEncrypted";b:0;s:3:"job";N;s:10:"connection";N;s:5:"queue";N;s:15:"chainConnection";N;s:10:"chainQueue";N;s:19:"chainCatchCallbacks";N;s:5:"delay";N;s:11:"afterCommit";N;s:10:"middleware";a:0:{}s:7:"chained";a:0:{}}',
    ),
  ),
)  
[2023-11-09 22:12:07] local.INFO: ......................... Job Processed Successfully .............................  
